12:39:55  tests.TestBase - start test-->registrationPosDP
12:39:55  manager.MyListener - Start searching for element with locator-->By.cssSelector: span [href='/login']
12:39:55  manager.MyListener - Element with locator-->By.cssSelector: span [href='/login'] was found
12:39:55  manager.MyListener - Start searching for element with locator-->By.xpath: //button[text()=' Register']
12:39:55  manager.MyListener - Element with locator-->By.xpath: //button[text()=' Register'] was found
12:39:56  tests.Registration - Test starts with details:-->Toms, Tommyy, 2396tomm@gmail.com
12:39:56  manager.MyListener - Start searching for element with locator-->By.cssSelector: input[placeholder='Name*']
12:39:56  manager.MyListener - Element with locator-->By.cssSelector: input[placeholder='Name*'] was found
12:39:56  manager.MyListener - Start searching for element with locator-->By.cssSelector: input[placeholder='Surname*'
12:39:56  manager.MyListener - Element with locator-->By.cssSelector: input[placeholder='Surname*' was found
12:39:57  manager.MyListener - Start searching for element with locator-->By.cssSelector: input[placeholder='Email*'
12:39:57  manager.MyListener - Element with locator-->By.cssSelector: input[placeholder='Email*' was found
12:39:57  manager.MyListener - Start searching for element with locator-->By.cssSelector: input[placeholder='Password*'
12:39:57  manager.MyListener - Element with locator-->By.cssSelector: input[placeholder='Password*' was found
12:39:58  manager.MyListener - Start searching for element with locator-->By.cssSelector: input[placeholder='Confirm password*'
12:39:58  manager.MyListener - Element with locator-->By.cssSelector: input[placeholder='Confirm password*' was found
12:39:58  manager.MyListener - Start searching for element with locator-->By.cssSelector: input[placeholder='Phone number*'
12:39:58  manager.MyListener - Element with locator-->By.cssSelector: input[placeholder='Phone number*' was found
12:39:59  manager.MyListener - Start searching for element with locator-->By.cssSelector: label[for='c1'].label-for-checkbox
12:39:59  manager.MyListener - Element with locator-->By.cssSelector: label[for='c1'].label-for-checkbox was found
12:39:59  manager.MyListener - Start searching for element with locator-->By.cssSelector: label[for='c1'].label-for-checkbox
12:39:59  manager.MyListener - Element with locator-->By.cssSelector: label[for='c1'].label-for-checkbox was found
12:40:02  manager.MyListener - Start searching for element with locator-->By.xpath: //button[text()=' Register']
12:40:02  manager.MyListener - Element with locator-->By.xpath: //button[text()=' Register'] was found
12:40:02  manager.MyListener - Start searching for element with locator-->By.xpath: //p[@class = 'fl-login f35 text-center']
12:40:03  manager.MyListener - Element with locator-->By.xpath: //p[@class = 'fl-login f35 text-center'] was found
12:40:03  tests.Registration - Registration test passed Success
12:40:03  manager.MyListener - Start searching for element with locator-->By.xpath: //*[text()=' Return']
12:40:03  manager.MyListener - Element with locator-->By.xpath: //*[text()=' Return'] was found
12:40:04  tests.TestBase - End of the test-->registrationPosDP
12:40:04  tests.TestBase - start test-->registrationPosDP
12:40:04  manager.MyListener - Start searching for element with locator-->By.cssSelector: span [href='/login']
12:40:04  manager.MyListener - Element with locator-->By.cssSelector: span [href='/login'] was found
12:40:04  manager.MyListener - Start searching for element with locator-->By.xpath: //button[text()=' Register']
12:40:04  manager.MyListener - Element with locator-->By.xpath: //button[text()=' Register'] was found
12:40:04  tests.Registration - Test starts with details:-->Toms1, Tommyy1, 2404tomm1@gmail.com
12:40:04  manager.MyListener - Start searching for element with locator-->By.cssSelector: input[placeholder='Name*']
12:40:04  manager.MyListener - Element with locator-->By.cssSelector: input[placeholder='Name*'] was found
12:40:05  manager.MyListener - Start searching for element with locator-->By.cssSelector: input[placeholder='Surname*'
12:40:05  manager.MyListener - Element with locator-->By.cssSelector: input[placeholder='Surname*' was found
12:40:05  manager.MyListener - Start searching for element with locator-->By.cssSelector: input[placeholder='Email*'
12:40:05  manager.MyListener - Element with locator-->By.cssSelector: input[placeholder='Email*' was found
12:40:06  manager.MyListener - Start searching for element with locator-->By.cssSelector: input[placeholder='Password*'
12:40:06  manager.MyListener - Element with locator-->By.cssSelector: input[placeholder='Password*' was found
12:40:06  manager.MyListener - Start searching for element with locator-->By.cssSelector: input[placeholder='Confirm password*'
12:40:06  manager.MyListener - Element with locator-->By.cssSelector: input[placeholder='Confirm password*' was found
12:40:07  manager.MyListener - Start searching for element with locator-->By.cssSelector: input[placeholder='Phone number*'
12:40:07  manager.MyListener - Element with locator-->By.cssSelector: input[placeholder='Phone number*' was found
12:40:07  manager.MyListener - Start searching for element with locator-->By.cssSelector: label[for='c1'].label-for-checkbox
12:40:07  manager.MyListener - Element with locator-->By.cssSelector: label[for='c1'].label-for-checkbox was found
12:40:07  manager.MyListener - Start searching for element with locator-->By.cssSelector: label[for='c1'].label-for-checkbox
12:40:07  manager.MyListener - Element with locator-->By.cssSelector: label[for='c1'].label-for-checkbox was found
12:40:10  manager.MyListener - Start searching for element with locator-->By.xpath: //button[text()=' Register']
12:40:10  manager.MyListener - Element with locator-->By.xpath: //button[text()=' Register'] was found
12:40:10  manager.MyListener - Start searching for element with locator-->By.xpath: //p[@class = 'fl-login f35 text-center']
12:40:11  manager.MyListener - Element with locator-->By.xpath: //p[@class = 'fl-login f35 text-center'] was found
12:40:11  manager.MyListener - Start searching for element with locator-->By.xpath: //*[text()=' Return']
12:40:14  manager.MyListener - Something went wrong-->https://ticket-service-69443.firebaseapp.com/registration
12:40:14  manager.MyListener - no such element: Unable to locate element: {"method":"xpath","selector":"//*[text()=' Return']"}
  (Session info: chrome=102.0.5005.115)
For documentation on this error, please visit: https://www.seleniumhq.org/exceptions/no_such_element.html
Build info: version: '3.141.59', revision: 'e82be7d358', time: '2018-11-14T08:17:03'
System info: host: 'DESKTOP-KF54E9L', ip: '192.168.42.118', os.name: 'Windows 10', os.arch: 'amd64', os.version: '10.0', java.version: '1.8.0_321'
Driver info: org.openqa.selenium.chrome.ChromeDriver
Capabilities {acceptInsecureCerts: false, browserName: chrome, browserVersion: 102.0.5005.115, chrome: {chromedriverVersion: 101.0.4951.41 (93c720db8323..., userDataDir: C:\Users\Olga\AppData\Local...}, goog:chromeOptions: {debuggerAddress: localhost:61319}, javascriptEnabled: true, networkConnectionEnabled: false, pageLoadStrategy: normal, platform: WINDOWS, platformName: WINDOWS, proxy: Proxy(), setWindowRect: true, strictFileInteractability: false, timeouts: {implicit: 0, pageLoad: 300000, script: 30000}, unhandledPromptBehavior: dismiss and notify, webauthn:extension:credBlob: true, webauthn:extension:largeBlob: true, webauthn:virtualAuthenticators: true}
Session ID: 6a7213bd52d2aaf9da370243057175a4
*** Element info: {Using=xpath, value=//*[text()=' Return']}
12:40:14  manager.MyListener - org.openqa.selenium.NoSuchElementException: no such element: Unable to locate element: {"method":"xpath","selector":"//*[text()=' Return']"}
  (Session info: chrome=102.0.5005.115)
For documentation on this error, please visit: https://www.seleniumhq.org/exceptions/no_such_element.html
Build info: version: '3.141.59', revision: 'e82be7d358', time: '2018-11-14T08:17:03'
System info: host: 'DESKTOP-KF54E9L', ip: '192.168.42.118', os.name: 'Windows 10', os.arch: 'amd64', os.version: '10.0', java.version: '1.8.0_321'
Driver info: org.openqa.selenium.chrome.ChromeDriver
Capabilities {acceptInsecureCerts: false, browserName: chrome, browserVersion: 102.0.5005.115, chrome: {chromedriverVersion: 101.0.4951.41 (93c720db8323..., userDataDir: C:\Users\Olga\AppData\Local...}, goog:chromeOptions: {debuggerAddress: localhost:61319}, javascriptEnabled: true, networkConnectionEnabled: false, pageLoadStrategy: normal, platform: WINDOWS, platformName: WINDOWS, proxy: Proxy(), setWindowRect: true, strictFileInteractability: false, timeouts: {implicit: 0, pageLoad: 300000, script: 30000}, unhandledPromptBehavior: dismiss and notify, webauthn:extension:credBlob: true, webauthn:extension:largeBlob: true, webauthn:virtualAuthenticators: true}
Session ID: 6a7213bd52d2aaf9da370243057175a4
*** Element info: {Using=xpath, value=//*[text()=' Return']}
