10:34:09  tests.TestBase - start test-->registrationNegExistUser
10:34:09  manager.MyListener - Start searching for element with locator-->By.cssSelector: span [href='/login']
10:34:09  manager.MyListener - Element with locator-->By.cssSelector: span [href='/login'] was found
10:34:09  manager.MyListener - Start searching for element with locator-->By.xpath: //button[text()=' Register']
10:34:09  manager.MyListener - Element with locator-->By.xpath: //button[text()=' Register'] was found
10:34:10  tests.Registration - Test starts with details:-->Ola, Mar, olamm@gmail.com
10:34:10  manager.MyListener - Start searching for element with locator-->By.cssSelector: input[placeholder='Name*']
10:34:10  manager.MyListener - Element with locator-->By.cssSelector: input[placeholder='Name*'] was found
10:34:10  manager.MyListener - Start searching for element with locator-->By.cssSelector: input[placeholder='Surname*'
10:34:10  manager.MyListener - Element with locator-->By.cssSelector: input[placeholder='Surname*' was found
10:34:10  manager.MyListener - Start searching for element with locator-->By.cssSelector: input[placeholder='Email*'
10:34:10  manager.MyListener - Element with locator-->By.cssSelector: input[placeholder='Email*' was found
10:34:11  manager.MyListener - Start searching for element with locator-->By.cssSelector: input[placeholder='Password*'
10:34:11  manager.MyListener - Element with locator-->By.cssSelector: input[placeholder='Password*' was found
10:34:11  manager.MyListener - Start searching for element with locator-->By.cssSelector: input[placeholder='Confirm password*'
10:34:11  manager.MyListener - Element with locator-->By.cssSelector: input[placeholder='Confirm password*' was found
10:34:12  manager.MyListener - Start searching for element with locator-->By.cssSelector: input[placeholder='Phone number*'
10:34:12  manager.MyListener - Element with locator-->By.cssSelector: input[placeholder='Phone number*' was found
10:34:12  manager.MyListener - Start searching for element with locator-->By.cssSelector: label[for='c1'].label-for-checkbox
10:34:12  manager.MyListener - Element with locator-->By.cssSelector: label[for='c1'].label-for-checkbox was found
10:34:12  manager.MyListener - Start searching for element with locator-->By.cssSelector: label[for='c1'].label-for-checkbox
10:34:12  manager.MyListener - Element with locator-->By.cssSelector: label[for='c1'].label-for-checkbox was found
10:34:14  manager.MyListener - Start searching for element with locator-->By.xpath: //button[text()=' Register']
10:34:14  manager.MyListener - Element with locator-->By.xpath: //button[text()=' Register'] was found
10:34:14  manager.MyListener - Start searching for element with locator-->By.xpath: //p[@class = 'fl-login f35 text-center']
10:34:14  manager.MyListener - Element with locator-->By.xpath: //p[@class = 'fl-login f35 text-center'] was found
10:34:14  manager.MyListener - Start searching for element with locator-->By.xpath: //*[text()=' Return to registration']
10:34:14  manager.MyListener - Element with locator-->By.xpath: //*[text()=' Return to registration'] was found
10:34:14  tests.Registration - Registration test with wrong data failed
10:34:14  tests.TestBase - End of the test-->registrationNegExistUser
10:34:14  tests.TestBase - start test-->registrationPositive
10:34:14  manager.MyListener - Start searching for element with locator-->By.cssSelector: span [href='/login']
10:34:14  manager.MyListener - Element with locator-->By.cssSelector: span [href='/login'] was found
10:34:15  manager.MyListener - Start searching for element with locator-->By.xpath: //button[text()=' Register']
10:34:15  manager.MyListener - Element with locator-->By.xpath: //button[text()=' Register'] was found
10:34:15  tests.Registration - Test starts with details:-->Ola, Mar, olamm@gmail.com
10:34:15  manager.MyListener - Start searching for element with locator-->By.cssSelector: input[placeholder='Name*']
10:34:15  manager.MyListener - Element with locator-->By.cssSelector: input[placeholder='Name*'] was found
10:34:15  manager.MyListener - Start searching for element with locator-->By.cssSelector: input[placeholder='Surname*'
10:34:15  manager.MyListener - Element with locator-->By.cssSelector: input[placeholder='Surname*' was found
10:34:16  manager.MyListener - Start searching for element with locator-->By.cssSelector: input[placeholder='Email*'
10:34:16  manager.MyListener - Element with locator-->By.cssSelector: input[placeholder='Email*' was found
10:34:16  manager.MyListener - Start searching for element with locator-->By.cssSelector: input[placeholder='Password*'
10:34:16  manager.MyListener - Element with locator-->By.cssSelector: input[placeholder='Password*' was found
10:34:16  manager.MyListener - Start searching for element with locator-->By.cssSelector: input[placeholder='Confirm password*'
10:34:16  manager.MyListener - Element with locator-->By.cssSelector: input[placeholder='Confirm password*' was found
10:34:17  manager.MyListener - Start searching for element with locator-->By.cssSelector: input[placeholder='Phone number*'
10:34:17  manager.MyListener - Element with locator-->By.cssSelector: input[placeholder='Phone number*' was found
10:34:17  manager.MyListener - Start searching for element with locator-->By.cssSelector: label[for='c1'].label-for-checkbox
10:34:17  manager.MyListener - Element with locator-->By.cssSelector: label[for='c1'].label-for-checkbox was found
10:34:17  manager.MyListener - Start searching for element with locator-->By.cssSelector: label[for='c1'].label-for-checkbox
10:34:17  manager.MyListener - Element with locator-->By.cssSelector: label[for='c1'].label-for-checkbox was found
10:34:18  manager.MyListener - Start searching for element with locator-->By.xpath: //button[text()=' Register']
10:34:18  manager.MyListener - Element with locator-->By.xpath: //button[text()=' Register'] was found
10:34:19  manager.MyListener - Start searching for element with locator-->By.xpath: //p[@class = 'fl-login f35 text-center']
10:34:19  manager.MyListener - Element with locator-->By.xpath: //p[@class = 'fl-login f35 text-center'] was found
10:34:19  tests.TestBase - End of the test-->registrationPositive
