13:06:53  tests.TestBase - start test-->registrationNegEmailEmpty
13:06:53  manager.MyListener - Start searching for element with locator-->By.cssSelector: span [href='/login']
13:06:53  manager.MyListener - Element with locator-->By.cssSelector: span [href='/login'] was found
13:06:53  manager.MyListener - Start searching for element with locator-->By.xpath: //button[text()=' Register']
13:06:53  manager.MyListener - Element with locator-->By.xpath: //button[text()=' Register'] was found
13:06:53  tests.Registration - Test starts with details:-->Ola, Mar, 
13:06:53  manager.MyListener - Start searching for element with locator-->By.cssSelector: input[placeholder='Name*']
13:06:53  manager.MyListener - Element with locator-->By.cssSelector: input[placeholder='Name*'] was found
13:06:54  manager.MyListener - Start searching for element with locator-->By.cssSelector: input[placeholder='Surname*'
13:06:54  manager.MyListener - Element with locator-->By.cssSelector: input[placeholder='Surname*' was found
13:06:54  manager.MyListener - Start searching for element with locator-->By.cssSelector: input[placeholder='Email*'
13:06:54  manager.MyListener - Element with locator-->By.cssSelector: input[placeholder='Email*' was found
13:06:55  manager.MyListener - Start searching for element with locator-->By.cssSelector: input[placeholder='Password*'
13:06:55  manager.MyListener - Element with locator-->By.cssSelector: input[placeholder='Password*' was found
13:06:55  manager.MyListener - Start searching for element with locator-->By.cssSelector: input[placeholder='Confirm password*'
13:06:55  manager.MyListener - Element with locator-->By.cssSelector: input[placeholder='Confirm password*' was found
13:06:56  manager.MyListener - Start searching for element with locator-->By.cssSelector: input[placeholder='Phone number*'
13:06:56  manager.MyListener - Element with locator-->By.cssSelector: input[placeholder='Phone number*' was found
13:06:56  manager.MyListener - Start searching for element with locator-->By.cssSelector: label[for='c1'].label-for-checkbox
13:06:56  manager.MyListener - Element with locator-->By.cssSelector: label[for='c1'].label-for-checkbox was found
13:06:56  manager.MyListener - Start searching for element with locator-->By.cssSelector: label[for='c1'].label-for-checkbox
13:06:56  manager.MyListener - Element with locator-->By.cssSelector: label[for='c1'].label-for-checkbox was found
13:06:57  manager.MyListener - Start searching for element with locator-->By.xpath: //button[text()=' Register']
13:06:57  manager.MyListener - Element with locator-->By.xpath: //button[text()=' Register'] was found
13:06:57  manager.MyListener - Start searching for element with locator-->By.xpath: //button[text()=' Register']
13:06:57  manager.MyListener - Element with locator-->By.xpath: //button[text()=' Register'] was found
13:06:57  manager.MyListener - Start searching for element with locator-->By.cssSelector: input[placeholder='Email*'
13:06:58  manager.MyListener - Element with locator-->By.cssSelector: input[placeholder='Email*' was found
13:06:58  tests.TestBase - End of the test-->registrationNegEmailEmpty
