12:49:27  manager.MyListener - Start searching for element with locator-->By.cssSelector: span [href='/login']
12:49:27  manager.MyListener - Element with locator-->By.cssSelector: span [href='/login'] was found
12:49:27  tests.TestBase - start test-->loginSuccess
12:49:27  manager.MyListener - Start searching for element with locator-->By.cssSelector: div input[aria-label='Email']
12:49:27  manager.MyListener - Element with locator-->By.cssSelector: div input[aria-label='Email'] was found
12:49:28  manager.MyListener - Start searching for element with locator-->By.cssSelector: div [aria-label='Password']
12:49:28  manager.MyListener - Element with locator-->By.cssSelector: div [aria-label='Password'] was found
12:49:28  manager.MyListener - Start searching for element with locator-->By.xpath: //*[text()=' Login']
12:49:28  manager.MyListener - Element with locator-->By.xpath: //*[text()=' Login'] was found
12:49:28  manager.MyListener - Start searching for element with locator-->By.xpath: //p[@class = 'fl-login f35 text-center']
12:49:29  manager.MyListener - Element with locator-->By.xpath: //p[@class = 'fl-login f35 text-center'] was found
12:49:29  manager.MyListener - Start searching for element with locator-->By.xpath: //*[text()=' Return to main']
12:49:29  manager.MyListener - Element with locator-->By.xpath: //*[text()=' Return to main'] was found
12:49:29  manager.MyListener - Start searching for element with locator-->By.cssSelector: span [href='/login']
12:49:29  manager.MyListener - Element with locator-->By.cssSelector: span [href='/login'] was found
12:49:30  manager.MyListener - Start searching for element with locator-->By.cssSelector: div[class='form-btn mb-4 px-5']
12:49:30  manager.MyListener - Element with locator-->By.cssSelector: div[class='form-btn mb-4 px-5'] was found
12:49:30  manager.MyListener - Start searching for element with locator-->By.cssSelector: div input[aria-label='Email']
12:49:30  manager.MyListener - Element with locator-->By.cssSelector: div input[aria-label='Email'] was found
12:49:30  tests.TestBase - End of the test-->loginSuccess
12:49:30  tests.TestBase - start test-->loginWrongEmail
12:49:30  manager.MyListener - Start searching for element with locator-->By.cssSelector: div input[aria-label='Email']
12:49:30  manager.MyListener - Element with locator-->By.cssSelector: div input[aria-label='Email'] was found
12:49:30  manager.MyListener - Start searching for element with locator-->By.cssSelector: div [aria-label='Password']
12:49:30  manager.MyListener - Element with locator-->By.cssSelector: div [aria-label='Password'] was found
12:49:31  manager.MyListener - Start searching for element with locator-->By.xpath: //*[text()=' Login']
12:49:31  manager.MyListener - Element with locator-->By.xpath: //*[text()=' Login'] was found
12:49:31  manager.MyListener - Start searching for element with locator-->By.xpath: //p[@class='fl-login f35 text-center']
12:49:31  manager.MyListener - Element with locator-->By.xpath: //p[@class='fl-login f35 text-center'] was found
12:49:31  manager.MyListener - Start searching for element with locator-->By.xpath: //p[@class='fl-login f35 text-center']
12:49:31  manager.MyListener - Element with locator-->By.xpath: //p[@class='fl-login f35 text-center'] was found
12:49:31  manager.MyListener - Start searching for element with locator-->By.xpath: //span[@class='red-text f18']
12:49:31  manager.MyListener - Element with locator-->By.xpath: //span[@class='red-text f18'] was found
12:49:31  manager.HelperBase - Login failed because of: Unexpected end of JSON input
12:49:31  manager.MyListener - Start searching for element with locator-->By.cssSelector: span [href='/login']
12:49:31  manager.MyListener - Element with locator-->By.cssSelector: span [href='/login'] was found
12:49:31  manager.MyListener - Start searching for element with locator-->By.cssSelector: div[class='form-btn mb-4 px-5']
12:49:31  manager.MyListener - Element with locator-->By.cssSelector: div[class='form-btn mb-4 px-5'] was found
12:49:32  manager.MyListener - Start searching for element with locator-->By.cssSelector: div input[aria-label='Email']
12:49:32  manager.MyListener - Element with locator-->By.cssSelector: div input[aria-label='Email'] was found
12:49:32  tests.TestBase - End of the test-->loginWrongEmail
12:49:32  tests.TestBase - start test-->loginWrongFormat
12:49:32  manager.MyListener - Start searching for element with locator-->By.cssSelector: div input[aria-label='Email']
12:49:32  manager.MyListener - Element with locator-->By.cssSelector: div input[aria-label='Email'] was found
12:49:32  manager.MyListener - Start searching for element with locator-->By.cssSelector: div [aria-label='Password']
12:49:32  manager.MyListener - Element with locator-->By.cssSelector: div [aria-label='Password'] was found
12:49:32  manager.MyListener - Start searching for element with locator-->By.xpath: //*[text()=' Login']
12:49:32  manager.MyListener - Element with locator-->By.xpath: //*[text()=' Login'] was found
12:49:33  manager.MyListener - Start searching for element with locator-->By.cssSelector: div input[aria-label='Email']
12:49:33  manager.MyListener - Element with locator-->By.cssSelector: div input[aria-label='Email'] was found
12:49:33  tests.TestBase - End of the test-->loginWrongFormat
