19:07:42  tests.TestBase - start test-->registrationNegEmailEmpty
19:07:42  manager.MyListener - Start searching for element with locator-->By.cssSelector: span [href='/login']
19:07:42  manager.MyListener - Element with locator-->By.cssSelector: span [href='/login'] was found
19:07:42  manager.MyListener - Start searching for element with locator-->By.xpath: //button[text()=' Register']
19:07:42  manager.MyListener - Element with locator-->By.xpath: //button[text()=' Register'] was found
19:07:42  tests.Registration - Test starts with details:-->Ola, Mar, 
19:07:42  manager.MyListener - Start searching for element with locator-->By.cssSelector: input[placeholder='Name*']
19:07:42  manager.MyListener - Element with locator-->By.cssSelector: input[placeholder='Name*'] was found
19:07:42  manager.MyListener - Start searching for element with locator-->By.cssSelector: input[placeholder='Surname*'
19:07:42  manager.MyListener - Element with locator-->By.cssSelector: input[placeholder='Surname*' was found
19:07:43  manager.MyListener - Start searching for element with locator-->By.cssSelector: input[placeholder='Email*'
19:07:43  manager.MyListener - Element with locator-->By.cssSelector: input[placeholder='Email*' was found
19:07:43  manager.MyListener - Start searching for element with locator-->By.cssSelector: input[placeholder='Password*'
19:07:43  manager.MyListener - Element with locator-->By.cssSelector: input[placeholder='Password*' was found
19:07:43  manager.MyListener - Start searching for element with locator-->By.cssSelector: input[placeholder='Confirm password*'
19:07:43  manager.MyListener - Element with locator-->By.cssSelector: input[placeholder='Confirm password*' was found
19:07:43  manager.MyListener - Start searching for element with locator-->By.cssSelector: input[placeholder='Phone number*'
19:07:43  manager.MyListener - Element with locator-->By.cssSelector: input[placeholder='Phone number*' was found
19:07:46  manager.MyListener - Start searching for element with locator-->By.cssSelector: label[for='c1'].label-for-checkbox
19:07:46  manager.MyListener - Element with locator-->By.cssSelector: label[for='c1'].label-for-checkbox was found
19:07:46  manager.MyListener - Start searching for element with locator-->By.cssSelector: label[for='c1'].label-for-checkbox
19:07:46  manager.MyListener - Element with locator-->By.cssSelector: label[for='c1'].label-for-checkbox was found
19:07:49  manager.MyListener - Start searching for element with locator-->By.xpath: //button[text()=' Register']
19:07:49  manager.MyListener - Element with locator-->By.xpath: //button[text()=' Register'] was found
19:07:49  manager.MyListener - Start searching for element with locator-->By.xpath: //button[text()=' Register']
19:07:49  manager.MyListener - Element with locator-->By.xpath: //button[text()=' Register'] was found
19:07:49  manager.MyListener - Start searching for element with locator-->By.cssSelector: input[placeholder='Email*'
19:07:49  manager.MyListener - Element with locator-->By.cssSelector: input[placeholder='Email*' was found
19:07:49  tests.TestBase - End of the test-->registrationNegEmailEmpty
