11:04:47  tests.TestBase - start test-->registrationWrongEmailFormat
11:04:47  manager.MyListener - Start searching for element with locator-->By.cssSelector: span [href='/login']
11:04:47  manager.MyListener - Element with locator-->By.cssSelector: span [href='/login'] was found
11:04:48  manager.MyListener - Start searching for element with locator-->By.xpath: //button[text()=' Register']
11:04:48  manager.MyListener - Element with locator-->By.xpath: //button[text()=' Register'] was found
11:04:48  tests.Registration - Test starts with details:-->Ola, Mar, olamm276gmail.com
11:04:48  manager.MyListener - Start searching for element with locator-->By.cssSelector: input[placeholder='Name*']
11:04:48  manager.MyListener - Element with locator-->By.cssSelector: input[placeholder='Name*'] was found
11:04:48  manager.MyListener - Start searching for element with locator-->By.cssSelector: input[placeholder='Surname*'
11:04:48  manager.MyListener - Element with locator-->By.cssSelector: input[placeholder='Surname*' was found
11:04:49  manager.MyListener - Start searching for element with locator-->By.cssSelector: input[placeholder='Email*'
11:04:49  manager.MyListener - Element with locator-->By.cssSelector: input[placeholder='Email*' was found
11:04:49  manager.MyListener - Start searching for element with locator-->By.cssSelector: input[placeholder='Password*'
11:04:49  manager.MyListener - Element with locator-->By.cssSelector: input[placeholder='Password*' was found
11:04:49  manager.MyListener - Start searching for element with locator-->By.cssSelector: input[placeholder='Confirm password*'
11:04:50  manager.MyListener - Element with locator-->By.cssSelector: input[placeholder='Confirm password*' was found
11:04:50  manager.MyListener - Start searching for element with locator-->By.cssSelector: input[placeholder='Phone number*'
11:04:50  manager.MyListener - Element with locator-->By.cssSelector: input[placeholder='Phone number*' was found
11:04:50  manager.MyListener - Start searching for element with locator-->By.cssSelector: label[for='c1'].label-for-checkbox
11:04:50  manager.MyListener - Element with locator-->By.cssSelector: label[for='c1'].label-for-checkbox was found
11:04:50  manager.MyListener - Start searching for element with locator-->By.cssSelector: label[for='c1'].label-for-checkbox
11:04:50  manager.MyListener - Element with locator-->By.cssSelector: label[for='c1'].label-for-checkbox was found
11:04:51  manager.MyListener - Start searching for element with locator-->By.xpath: //button[text()=' Register']
11:04:51  manager.MyListener - Element with locator-->By.xpath: //button[text()=' Register'] was found
11:04:51  manager.MyListener - Start searching for element with locator-->By.xpath: //button[text()=' Register']
11:04:51  manager.MyListener - Element with locator-->By.xpath: //button[text()=' Register'] was found
11:04:57  tests.TestBase - End of the test-->registrationWrongEmailFormat
