17:43:14  tests.TestBase - start test-->registrationNegEmailEmpty
17:43:14  manager.MyListener - Start searching for element with locator-->By.cssSelector: span [href='/login']
17:43:14  manager.MyListener - Element with locator-->By.cssSelector: span [href='/login'] was found
17:43:15  manager.MyListener - Start searching for element with locator-->By.xpath: //button[text()=' Register']
17:43:15  manager.MyListener - Element with locator-->By.xpath: //button[text()=' Register'] was found
17:43:15  tests.Registration - Test starts with details:-->Ola, Mar, 
17:43:15  manager.MyListener - Start searching for element with locator-->By.cssSelector: input[placeholder='Name*']
17:43:15  manager.MyListener - Element with locator-->By.cssSelector: input[placeholder='Name*'] was found
17:43:15  manager.MyListener - Start searching for element with locator-->By.cssSelector: input[placeholder='Surname*'
17:43:15  manager.MyListener - Element with locator-->By.cssSelector: input[placeholder='Surname*' was found
17:43:16  manager.MyListener - Start searching for element with locator-->By.cssSelector: input[placeholder='Email*'
17:43:16  manager.MyListener - Element with locator-->By.cssSelector: input[placeholder='Email*' was found
17:43:16  manager.MyListener - Start searching for element with locator-->By.cssSelector: input[placeholder='Password*'
17:43:16  manager.MyListener - Element with locator-->By.cssSelector: input[placeholder='Password*' was found
17:43:16  manager.MyListener - Start searching for element with locator-->By.cssSelector: input[placeholder='Confirm password*'
17:43:16  manager.MyListener - Element with locator-->By.cssSelector: input[placeholder='Confirm password*' was found
17:43:16  manager.MyListener - Start searching for element with locator-->By.cssSelector: input[placeholder='Phone number*'
17:43:17  manager.MyListener - Element with locator-->By.cssSelector: input[placeholder='Phone number*' was found
17:43:20  manager.MyListener - Start searching for element with locator-->By.cssSelector: label[for='c1'].label-for-checkbox
17:43:20  manager.MyListener - Element with locator-->By.cssSelector: label[for='c1'].label-for-checkbox was found
17:43:20  manager.MyListener - Start searching for element with locator-->By.cssSelector: label[for='c1'].label-for-checkbox
17:43:20  manager.MyListener - Element with locator-->By.cssSelector: label[for='c1'].label-for-checkbox was found
17:43:23  manager.MyListener - Start searching for element with locator-->By.xpath: //button[text()=' Register']
17:43:23  manager.MyListener - Element with locator-->By.xpath: //button[text()=' Register'] was found
17:43:23  manager.MyListener - Start searching for element with locator-->By.xpath: //button[text()=' Register']
17:43:23  manager.MyListener - Element with locator-->By.xpath: //button[text()=' Register'] was found
17:43:24  manager.MyListener - Start searching for element with locator-->By.cssSelector: input[placeholder='Email*'
17:43:24  manager.MyListener - Element with locator-->By.cssSelector: input[placeholder='Email*' was found
17:43:24  tests.Registration - Registration test with wrong data finished
17:43:24  tests.TestBase - End of the test-->registrationNegEmailEmpty
17:43:24  tests.TestBase - start test-->registrationNegExistUser
17:43:24  manager.MyListener - Start searching for element with locator-->By.cssSelector: span [href='/login']
17:43:24  manager.MyListener - Element with locator-->By.cssSelector: span [href='/login'] was found
17:43:24  manager.MyListener - Start searching for element with locator-->By.xpath: //button[text()=' Register']
17:43:24  manager.MyListener - Element with locator-->By.xpath: //button[text()=' Register'] was found
17:43:24  tests.Registration - Test starts with details:-->Ola, Mar, olamm@gmail.com
17:43:24  manager.MyListener - Start searching for element with locator-->By.cssSelector: input[placeholder='Name*']
17:43:24  manager.MyListener - Element with locator-->By.cssSelector: input[placeholder='Name*'] was found
17:43:25  manager.MyListener - Start searching for element with locator-->By.cssSelector: input[placeholder='Surname*'
17:43:25  manager.MyListener - Element with locator-->By.cssSelector: input[placeholder='Surname*' was found
17:43:25  manager.MyListener - Start searching for element with locator-->By.cssSelector: input[placeholder='Email*'
17:43:25  manager.MyListener - Element with locator-->By.cssSelector: input[placeholder='Email*' was found
17:43:26  manager.MyListener - Start searching for element with locator-->By.cssSelector: input[placeholder='Password*'
17:43:26  manager.MyListener - Element with locator-->By.cssSelector: input[placeholder='Password*' was found
17:43:26  manager.MyListener - Start searching for element with locator-->By.cssSelector: input[placeholder='Confirm password*'
17:43:26  manager.MyListener - Element with locator-->By.cssSelector: input[placeholder='Confirm password*' was found
17:43:26  manager.MyListener - Start searching for element with locator-->By.cssSelector: input[placeholder='Phone number*'
17:43:26  manager.MyListener - Element with locator-->By.cssSelector: input[placeholder='Phone number*' was found
17:43:30  manager.MyListener - Start searching for element with locator-->By.cssSelector: label[for='c1'].label-for-checkbox
17:43:30  manager.MyListener - Element with locator-->By.cssSelector: label[for='c1'].label-for-checkbox was found
17:43:30  manager.MyListener - Start searching for element with locator-->By.cssSelector: label[for='c1'].label-for-checkbox
17:43:30  manager.MyListener - Element with locator-->By.cssSelector: label[for='c1'].label-for-checkbox was found
17:43:33  manager.MyListener - Start searching for element with locator-->By.xpath: //button[text()=' Register']
17:43:33  manager.MyListener - Element with locator-->By.xpath: //button[text()=' Register'] was found
17:43:33  manager.MyListener - Start searching for element with locator-->By.xpath: //button[text()=' Register']
17:43:33  manager.MyListener - Element with locator-->By.xpath: //button[text()=' Register'] was found
17:43:33  manager.MyListener - Start searching for element with locator-->By.xpath: //p[@class = 'fl-login f35 text-center']
17:43:33  manager.MyListener - Element with locator-->By.xpath: //p[@class = 'fl-login f35 text-center'] was found
17:43:34  manager.MyListener - Start searching for element with locator-->By.xpath: //*[text()=' Return to registration']
17:43:34  manager.MyListener - Element with locator-->By.xpath: //*[text()=' Return to registration'] was found
17:43:34  tests.Registration - Registration test with wrong data finished
17:43:34  tests.TestBase - End of the test-->registrationNegExistUser
17:43:34  tests.TestBase - start test-->registrationPositive
17:43:34  manager.MyListener - Start searching for element with locator-->By.cssSelector: span [href='/login']
17:43:34  manager.MyListener - Element with locator-->By.cssSelector: span [href='/login'] was found
17:43:34  manager.MyListener - Start searching for element with locator-->By.xpath: //button[text()=' Register']
17:43:34  manager.MyListener - Element with locator-->By.xpath: //button[text()=' Register'] was found
17:43:34  tests.Registration - Test starts with details:-->Ola, Mar, olamm2583@gmail.com
17:43:34  manager.MyListener - Start searching for element with locator-->By.cssSelector: input[placeholder='Name*']
17:43:34  manager.MyListener - Element with locator-->By.cssSelector: input[placeholder='Name*'] was found
17:43:35  manager.MyListener - Start searching for element with locator-->By.cssSelector: input[placeholder='Surname*'
17:43:35  manager.MyListener - Element with locator-->By.cssSelector: input[placeholder='Surname*' was found
17:43:35  manager.MyListener - Start searching for element with locator-->By.cssSelector: input[placeholder='Email*'
17:43:35  manager.MyListener - Element with locator-->By.cssSelector: input[placeholder='Email*' was found
17:43:35  manager.MyListener - Start searching for element with locator-->By.cssSelector: input[placeholder='Password*'
17:43:35  manager.MyListener - Element with locator-->By.cssSelector: input[placeholder='Password*' was found
17:43:36  manager.MyListener - Start searching for element with locator-->By.cssSelector: input[placeholder='Confirm password*'
17:43:36  manager.MyListener - Element with locator-->By.cssSelector: input[placeholder='Confirm password*' was found
17:43:36  manager.MyListener - Start searching for element with locator-->By.cssSelector: input[placeholder='Phone number*'
17:43:36  manager.MyListener - Element with locator-->By.cssSelector: input[placeholder='Phone number*' was found
17:43:40  manager.MyListener - Start searching for element with locator-->By.cssSelector: label[for='c1'].label-for-checkbox
17:43:40  manager.MyListener - Element with locator-->By.cssSelector: label[for='c1'].label-for-checkbox was found
17:43:40  manager.MyListener - Start searching for element with locator-->By.cssSelector: label[for='c1'].label-for-checkbox
17:43:40  manager.MyListener - Element with locator-->By.cssSelector: label[for='c1'].label-for-checkbox was found
17:43:43  manager.MyListener - Start searching for element with locator-->By.xpath: //button[text()=' Register']
17:43:43  manager.MyListener - Element with locator-->By.xpath: //button[text()=' Register'] was found
17:43:44  manager.MyListener - Start searching for element with locator-->By.xpath: //button[text()=' Register']
17:43:44  manager.MyListener - Element with locator-->By.xpath: //button[text()=' Register'] was found
17:43:44  manager.MyListener - Start searching for element with locator-->By.xpath: //p[@class = 'fl-login f35 text-center']
17:43:45  manager.MyListener - Element with locator-->By.xpath: //p[@class = 'fl-login f35 text-center'] was found
17:43:45  tests.Registration - Registration test passed Success
17:43:45  manager.MyListener - Start searching for element with locator-->By.xpath: //*[text()=' Return']
17:43:45  manager.MyListener - Element with locator-->By.xpath: //*[text()=' Return'] was found
17:43:46  tests.TestBase - End of the test-->registrationPositive
17:43:46  tests.TestBase - start test-->registrationWrongEmailFormat
17:43:46  manager.MyListener - Start searching for element with locator-->By.cssSelector: span [href='/login']
17:43:46  manager.MyListener - Element with locator-->By.cssSelector: span [href='/login'] was found
17:43:46  manager.MyListener - Start searching for element with locator-->By.xpath: //button[text()=' Register']
17:43:46  manager.MyListener - Element with locator-->By.xpath: //button[text()=' Register'] was found
17:43:46  tests.Registration - Test starts with details:-->Ola, Mar, olamm2583gmail.com
17:43:46  manager.MyListener - Start searching for element with locator-->By.cssSelector: input[placeholder='Name*']
17:43:50  manager.MyListener - Something went wrong-->https://ticket-service-69443.firebaseapp.com/registration
17:43:50  manager.MyListener - no such element: Unable to locate element: {"method":"css selector","selector":"input[placeholder='Name*']"}
  (Session info: chrome=106.0.5249.119)
For documentation on this error, please visit: https://www.seleniumhq.org/exceptions/no_such_element.html
Build info: version: '3.141.59', revision: 'e82be7d358', time: '2018-11-14T08:17:03'
System info: host: 'DESKTOP-KF54E9L', ip: '192.168.42.119', os.name: 'Windows 10', os.arch: 'amd64', os.version: '10.0', java.version: '1.8.0_321'
Driver info: org.openqa.selenium.chrome.ChromeDriver
Capabilities {acceptInsecureCerts: false, browserName: chrome, browserVersion: 106.0.5249.119, chrome: {chromedriverVersion: 105.0.5195.52 (412c95e51883..., userDataDir: C:\Users\Olga\AppData\Local...}, goog:chromeOptions: {debuggerAddress: localhost:55505}, javascriptEnabled: true, networkConnectionEnabled: false, pageLoadStrategy: normal, platform: WINDOWS, platformName: WINDOWS, proxy: Proxy(), setWindowRect: true, strictFileInteractability: false, timeouts: {implicit: 0, pageLoad: 300000, script: 30000}, unhandledPromptBehavior: dismiss and notify, webauthn:extension:credBlob: true, webauthn:extension:largeBlob: true, webauthn:virtualAuthenticators: true}
Session ID: 20297626917655191cee10f6cea7c2de
*** Element info: {Using=css selector, value=input[placeholder='Name*']}
17:43:50  manager.MyListener - org.openqa.selenium.NoSuchElementException: no such element: Unable to locate element: {"method":"css selector","selector":"input[placeholder='Name*']"}
  (Session info: chrome=106.0.5249.119)
For documentation on this error, please visit: https://www.seleniumhq.org/exceptions/no_such_element.html
Build info: version: '3.141.59', revision: 'e82be7d358', time: '2018-11-14T08:17:03'
System info: host: 'DESKTOP-KF54E9L', ip: '192.168.42.119', os.name: 'Windows 10', os.arch: 'amd64', os.version: '10.0', java.version: '1.8.0_321'
Driver info: org.openqa.selenium.chrome.ChromeDriver
Capabilities {acceptInsecureCerts: false, browserName: chrome, browserVersion: 106.0.5249.119, chrome: {chromedriverVersion: 105.0.5195.52 (412c95e51883..., userDataDir: C:\Users\Olga\AppData\Local...}, goog:chromeOptions: {debuggerAddress: localhost:55505}, javascriptEnabled: true, networkConnectionEnabled: false, pageLoadStrategy: normal, platform: WINDOWS, platformName: WINDOWS, proxy: Proxy(), setWindowRect: true, strictFileInteractability: false, timeouts: {implicit: 0, pageLoad: 300000, script: 30000}, unhandledPromptBehavior: dismiss and notify, webauthn:extension:credBlob: true, webauthn:extension:largeBlob: true, webauthn:virtualAuthenticators: true}
Session ID: 20297626917655191cee10f6cea7c2de
*** Element info: {Using=css selector, value=input[placeholder='Name*']}
17:43:50  tests.TestBase - End of the test-->registrationWrongEmailFormat
