19:48:46  manager.MyListener - Start searching for element with locator-->By.cssSelector: span [href='/login']
19:48:46  manager.MyListener - Element with locator-->By.cssSelector: span [href='/login'] was found
19:48:46  manager.MyListener - Start searching for element with locator-->By.cssSelector: div input[aria-label='Email']
19:48:46  manager.MyListener - Element with locator-->By.cssSelector: div input[aria-label='Email'] was found
19:48:46  manager.MyListener - Start searching for element with locator-->By.cssSelector: div [aria-label='Password']
19:48:46  manager.MyListener - Element with locator-->By.cssSelector: div [aria-label='Password'] was found
19:48:47  manager.MyListener - Start searching for element with locator-->By.xpath: //*[text()=' Login']
19:48:47  manager.MyListener - Element with locator-->By.xpath: //*[text()=' Login'] was found
19:48:47  manager.MyListener - Start searching for element with locator-->By.xpath: //*[text()=' Return to main']
19:48:50  manager.MyListener - Something went wrong-->https://ticket-service-69443.firebaseapp.com/login
19:48:50  manager.MyListener - no such element: Unable to locate element: {"method":"xpath","selector":"//*[text()=' Return to main']"}
  (Session info: chrome=103.0.5060.134)
For documentation on this error, please visit: https://www.seleniumhq.org/exceptions/no_such_element.html
Build info: version: '3.141.59', revision: 'e82be7d358', time: '2018-11-14T08:17:03'
System info: host: 'ARTEMKA', ip: '192.168.0.103', os.name: 'Windows 10', os.arch: 'amd64', os.version: '10.0', java.version: '1.8.0_333'
Driver info: org.openqa.selenium.chrome.ChromeDriver
Capabilities {acceptInsecureCerts: false, browserName: chrome, browserVersion: 103.0.5060.134, chrome: {chromedriverVersion: 103.0.5060.134 (8ec6fce403b..., userDataDir: C:\Users\ompre\AppData\Loca...}, goog:chromeOptions: {debuggerAddress: localhost:63028}, javascriptEnabled: true, networkConnectionEnabled: false, pageLoadStrategy: normal, platform: WINDOWS, platformName: WINDOWS, proxy: Proxy(), setWindowRect: true, strictFileInteractability: false, timeouts: {implicit: 0, pageLoad: 300000, script: 30000}, unhandledPromptBehavior: dismiss and notify, webauthn:extension:credBlob: true, webauthn:extension:largeBlob: true, webauthn:virtualAuthenticators: true}
Session ID: 1884f1b99bf9a4ed9775caff0b2e57f9
*** Element info: {Using=xpath, value=//*[text()=' Return to main']}
19:48:50  manager.MyListener - org.openqa.selenium.NoSuchElementException: no such element: Unable to locate element: {"method":"xpath","selector":"//*[text()=' Return to main']"}
  (Session info: chrome=103.0.5060.134)
For documentation on this error, please visit: https://www.seleniumhq.org/exceptions/no_such_element.html
Build info: version: '3.141.59', revision: 'e82be7d358', time: '2018-11-14T08:17:03'
System info: host: 'ARTEMKA', ip: '192.168.0.103', os.name: 'Windows 10', os.arch: 'amd64', os.version: '10.0', java.version: '1.8.0_333'
Driver info: org.openqa.selenium.chrome.ChromeDriver
Capabilities {acceptInsecureCerts: false, browserName: chrome, browserVersion: 103.0.5060.134, chrome: {chromedriverVersion: 103.0.5060.134 (8ec6fce403b..., userDataDir: C:\Users\ompre\AppData\Loca...}, goog:chromeOptions: {debuggerAddress: localhost:63028}, javascriptEnabled: true, networkConnectionEnabled: false, pageLoadStrategy: normal, platform: WINDOWS, platformName: WINDOWS, proxy: Proxy(), setWindowRect: true, strictFileInteractability: false, timeouts: {implicit: 0, pageLoad: 300000, script: 30000}, unhandledPromptBehavior: dismiss and notify, webauthn:extension:credBlob: true, webauthn:extension:largeBlob: true, webauthn:virtualAuthenticators: true}
Session ID: 1884f1b99bf9a4ed9775caff0b2e57f9
*** Element info: {Using=xpath, value=//*[text()=' Return to main']}
