10:24:38  tests.TestBase - start test-->registrationNegExistUser
10:24:38  manager.MyListener - Start searching for element with locator-->By.cssSelector: span [href='/login']
10:24:38  manager.MyListener - Element with locator-->By.cssSelector: span [href='/login'] was found
10:24:39  manager.MyListener - Start searching for element with locator-->By.xpath: //button[text()=' Register']
10:24:39  manager.MyListener - Element with locator-->By.xpath: //button[text()=' Register'] was found
10:24:39  tests.Registration - Test starts with details:-->Ola, Mar, olamm@gmail.com
10:24:39  manager.MyListener - Start searching for element with locator-->By.cssSelector: input[placeholder='Name*']
10:24:39  manager.MyListener - Element with locator-->By.cssSelector: input[placeholder='Name*'] was found
10:24:40  manager.MyListener - Start searching for element with locator-->By.cssSelector: input[placeholder='Surname*'
10:24:40  manager.MyListener - Element with locator-->By.cssSelector: input[placeholder='Surname*' was found
10:24:40  manager.MyListener - Start searching for element with locator-->By.cssSelector: input[placeholder='Email*'
10:24:40  manager.MyListener - Element with locator-->By.cssSelector: input[placeholder='Email*' was found
10:24:41  manager.MyListener - Start searching for element with locator-->By.cssSelector: input[placeholder='Password*'
10:24:41  manager.MyListener - Element with locator-->By.cssSelector: input[placeholder='Password*' was found
10:24:41  manager.MyListener - Start searching for element with locator-->By.cssSelector: input[placeholder='Confirm password*'
10:24:41  manager.MyListener - Element with locator-->By.cssSelector: input[placeholder='Confirm password*' was found
10:24:42  manager.MyListener - Start searching for element with locator-->By.cssSelector: input[placeholder='Phone number*'
10:24:42  manager.MyListener - Element with locator-->By.cssSelector: input[placeholder='Phone number*' was found
10:24:43  manager.MyListener - Start searching for element with locator-->By.cssSelector: label[for='c1'].label-for-checkbox
10:24:43  manager.MyListener - Element with locator-->By.cssSelector: label[for='c1'].label-for-checkbox was found
10:24:43  manager.MyListener - Start searching for element with locator-->By.cssSelector: label[for='c1'].label-for-checkbox
10:24:43  manager.MyListener - Element with locator-->By.cssSelector: label[for='c1'].label-for-checkbox was found
10:24:44  manager.MyListener - Start searching for element with locator-->By.xpath: //button[text()=' Register']
10:24:44  manager.MyListener - Element with locator-->By.xpath: //button[text()=' Register'] was found
10:24:44  manager.MyListener - Start searching for element with locator-->By.xpath: //p[@class = 'fl-login f35 text-center']
10:24:45  manager.MyListener - Element with locator-->By.xpath: //p[@class = 'fl-login f35 text-center'] was found
10:24:45  manager.MyListener - Start searching for element with locator-->By.xpath: //*[text()=' Return to registration']
10:24:45  manager.MyListener - Element with locator-->By.xpath: //*[text()=' Return to registration'] was found
10:24:45  tests.Registration - Registration test with wrong data failed
10:24:45  manager.MyListener - Start searching for element with locator-->By.xpath: //p[@class = 'fl-login f35 text-center']
10:24:49  manager.MyListener - Something went wrong-->https://ticket-service-69443.firebaseapp.com/registration
10:24:49  manager.MyListener - no such element: Unable to locate element: {"method":"xpath","selector":"//p[@class = 'fl-login f35 text-center']"}
  (Session info: chrome=103.0.5060.134)
For documentation on this error, please visit: https://www.seleniumhq.org/exceptions/no_such_element.html
Build info: version: '3.141.59', revision: 'e82be7d358', time: '2018-11-14T08:17:03'
System info: host: 'DESKTOP-KF54E9L', ip: '192.168.42.118', os.name: 'Windows 10', os.arch: 'amd64', os.version: '10.0', java.version: '1.8.0_321'
Driver info: org.openqa.selenium.chrome.ChromeDriver
Capabilities {acceptInsecureCerts: false, browserName: chrome, browserVersion: 103.0.5060.134, chrome: {chromedriverVersion: 103.0.5060.134 (8ec6fce403b..., userDataDir: C:\Users\Olga\AppData\Local...}, goog:chromeOptions: {debuggerAddress: localhost:63952}, javascriptEnabled: true, networkConnectionEnabled: false, pageLoadStrategy: normal, platform: WINDOWS, platformName: WINDOWS, proxy: Proxy(), setWindowRect: true, strictFileInteractability: false, timeouts: {implicit: 0, pageLoad: 300000, script: 30000}, unhandledPromptBehavior: dismiss and notify, webauthn:extension:credBlob: true, webauthn:extension:largeBlob: true, webauthn:virtualAuthenticators: true}
Session ID: 3677a9000ee83098f33eb1a906ce6f48
*** Element info: {Using=xpath, value=//p[@class = 'fl-login f35 text-center']}
10:24:49  manager.MyListener - org.openqa.selenium.NoSuchElementException: no such element: Unable to locate element: {"method":"xpath","selector":"//p[@class = 'fl-login f35 text-center']"}
  (Session info: chrome=103.0.5060.134)
For documentation on this error, please visit: https://www.seleniumhq.org/exceptions/no_such_element.html
Build info: version: '3.141.59', revision: 'e82be7d358', time: '2018-11-14T08:17:03'
System info: host: 'DESKTOP-KF54E9L', ip: '192.168.42.118', os.name: 'Windows 10', os.arch: 'amd64', os.version: '10.0', java.version: '1.8.0_321'
Driver info: org.openqa.selenium.chrome.ChromeDriver
Capabilities {acceptInsecureCerts: false, browserName: chrome, browserVersion: 103.0.5060.134, chrome: {chromedriverVersion: 103.0.5060.134 (8ec6fce403b..., userDataDir: C:\Users\Olga\AppData\Local...}, goog:chromeOptions: {debuggerAddress: localhost:63952}, javascriptEnabled: true, networkConnectionEnabled: false, pageLoadStrategy: normal, platform: WINDOWS, platformName: WINDOWS, proxy: Proxy(), setWindowRect: true, strictFileInteractability: false, timeouts: {implicit: 0, pageLoad: 300000, script: 30000}, unhandledPromptBehavior: dismiss and notify, webauthn:extension:credBlob: true, webauthn:extension:largeBlob: true, webauthn:virtualAuthenticators: true}
Session ID: 3677a9000ee83098f33eb1a906ce6f48
*** Element info: {Using=xpath, value=//p[@class = 'fl-login f35 text-center']}
