12:07:50  tests.TestBase - start test-->registrationWrongEmailFormat
12:07:50  manager.MyListener - Start searching for element with locator-->By.cssSelector: span [href='/login']
12:07:50  manager.MyListener - Element with locator-->By.cssSelector: span [href='/login'] was found
12:07:50  manager.MyListener - Start searching for element with locator-->By.xpath: //button[text()=' Register']
12:07:50  manager.MyListener - Element with locator-->By.xpath: //button[text()=' Register'] was found
12:07:51  tests.Registration - Test starts with details:-->Ola, Mar, olamm452gmail.com
12:07:51  manager.MyListener - Start searching for element with locator-->By.cssSelector: input[placeholder='Name*']
12:07:51  manager.MyListener - Element with locator-->By.cssSelector: input[placeholder='Name*'] was found
12:07:51  manager.MyListener - Start searching for element with locator-->By.cssSelector: input[placeholder='Surname*'
12:07:52  manager.MyListener - Element with locator-->By.cssSelector: input[placeholder='Surname*' was found
12:07:52  manager.MyListener - Start searching for element with locator-->By.cssSelector: input[placeholder='Email*'
12:07:52  manager.MyListener - Element with locator-->By.cssSelector: input[placeholder='Email*' was found
12:07:53  manager.MyListener - Start searching for element with locator-->By.cssSelector: input[placeholder='Password*'
12:07:53  manager.MyListener - Element with locator-->By.cssSelector: input[placeholder='Password*' was found
12:07:53  manager.MyListener - Start searching for element with locator-->By.cssSelector: input[placeholder='Confirm password*'
12:07:54  manager.MyListener - Element with locator-->By.cssSelector: input[placeholder='Confirm password*' was found
12:07:54  manager.MyListener - Start searching for element with locator-->By.cssSelector: input[placeholder='Phone number*'
12:07:54  manager.MyListener - Element with locator-->By.cssSelector: input[placeholder='Phone number*' was found
12:07:55  manager.MyListener - Start searching for element with locator-->By.cssSelector: label[for='c1'].label-for-checkbox
12:07:55  manager.MyListener - Element with locator-->By.cssSelector: label[for='c1'].label-for-checkbox was found
12:07:55  manager.MyListener - Start searching for element with locator-->By.cssSelector: label[for='c1'].label-for-checkbox
12:07:55  manager.MyListener - Element with locator-->By.cssSelector: label[for='c1'].label-for-checkbox was found
12:07:55  manager.MyListener - Start searching for element with locator-->By.xpath: //button[text()=' Register']
12:07:55  manager.MyListener - Element with locator-->By.xpath: //button[text()=' Register'] was found
12:07:56  manager.MyListener - Start searching for element with locator-->By.xpath: //button[text()=' Register']
12:07:56  manager.MyListener - Element with locator-->By.xpath: //button[text()=' Register'] was found
12:07:56  tests.Registration - Registration test with wrong data finished
12:07:56  tests.TestBase - End of the test-->registrationWrongEmailFormat
