19:49:32  manager.MyListener - Start searching for element with locator-->By.cssSelector: span [href='/login']
19:49:32  manager.MyListener - Element with locator-->By.cssSelector: span [href='/login'] was found
19:49:32  manager.MyListener - Start searching for element with locator-->By.cssSelector: div input[aria-label='Email']
19:49:32  manager.MyListener - Element with locator-->By.cssSelector: div input[aria-label='Email'] was found
19:49:32  manager.MyListener - Start searching for element with locator-->By.cssSelector: div [aria-label='Password']
19:49:32  manager.MyListener - Element with locator-->By.cssSelector: div [aria-label='Password'] was found
19:49:32  manager.MyListener - Start searching for element with locator-->By.xpath: //*[text()=' Login']
19:49:32  manager.MyListener - Element with locator-->By.xpath: //*[text()=' Login'] was found
19:49:32  manager.MyListener - Start searching for element with locator-->By.xpath: //*[text()=' Return to main']
19:49:33  manager.MyListener - Element with locator-->By.xpath: //*[text()=' Return to main'] was found
19:49:33  tests.TestBase - start test-->chooseEventPos
19:49:33  manager.MyListener - Start searching for element with locator-->By.xpath: //*[text()='Coldplay Tour 2019']
19:49:34  manager.MyListener - Element with locator-->By.xpath: //*[text()='Coldplay Tour 2019'] was found
19:49:34  manager.MyListener - Start searching for element with locator-->By.xpath: //*[text()='BUY TICKETS']
19:49:35  manager.MyListener - Element with locator-->By.xpath: //*[text()='BUY TICKETS'] was found
19:49:35  manager.MyListener - Start searching for element with locator-->By.cssSelector: div[class='hall1 col-12 w-100-wv'] p:nth-child(15) span:nth-child(14)
19:49:35  manager.MyListener - Element with locator-->By.cssSelector: div[class='hall1 col-12 w-100-wv'] p:nth-child(15) span:nth-child(14) was found
19:49:35  manager.MyListener - Start searching for element with locator-->By.xpath: //*[text()=' TO THE CART']
19:49:35  manager.MyListener - Element with locator-->By.xpath: //*[text()=' TO THE CART'] was found
19:49:35  manager.MyListener - Start searching for element with locator-->By.cssSelector: label[class='label-for-checkbox pos-cart-agreement']
19:49:36  manager.MyListener - Element with locator-->By.cssSelector: label[class='label-for-checkbox pos-cart-agreement'] was found
19:49:36  manager.MyListener - Start searching for element with locator-->By.xpath: //*[text()=' PAY']
19:49:36  manager.MyListener - Element with locator-->By.xpath: //*[text()=' PAY'] was found
19:49:36  tests.TestBase - End of the test-->chooseEventPos
