17:27:06  tests.TestBase - start test-->registrationPosLB
17:27:06  manager.MyListener - Start searching for element with locator-->By.cssSelector: span [href='/login']
17:27:06  manager.MyListener - Element with locator-->By.cssSelector: span [href='/login'] was found
17:27:06  manager.MyListener - Start searching for element with locator-->By.xpath: //button[text()=' Register']
17:27:06  manager.MyListener - Element with locator-->By.xpath: //button[text()=' Register'] was found
17:27:07  tests.Registration - Test starts with details:-->Bob ,Bobby ,1627bo@gmail.com ,Aaaa$$$1627 ,Aaaa$$$1627 ,+11221627
17:27:07  manager.MyListener - Start searching for element with locator-->By.cssSelector: input[placeholder='Name*']
17:27:07  manager.MyListener - Element with locator-->By.cssSelector: input[placeholder='Name*'] was found
17:27:07  manager.MyListener - Start searching for element with locator-->By.cssSelector: input[placeholder='Surname*'
17:27:07  manager.MyListener - Element with locator-->By.cssSelector: input[placeholder='Surname*' was found
17:27:07  manager.MyListener - Start searching for element with locator-->By.cssSelector: input[placeholder='Email*'
17:27:07  manager.MyListener - Element with locator-->By.cssSelector: input[placeholder='Email*' was found
17:27:08  manager.MyListener - Start searching for element with locator-->By.cssSelector: input[placeholder='Password*'
17:27:08  manager.MyListener - Element with locator-->By.cssSelector: input[placeholder='Password*' was found
17:27:08  manager.MyListener - Start searching for element with locator-->By.cssSelector: input[placeholder='Confirm password*'
17:27:08  manager.MyListener - Element with locator-->By.cssSelector: input[placeholder='Confirm password*' was found
17:27:08  manager.MyListener - Start searching for element with locator-->By.cssSelector: input[placeholder='Phone number*'
17:27:08  manager.MyListener - Element with locator-->By.cssSelector: input[placeholder='Phone number*' was found
17:27:12  manager.MyListener - Start searching for element with locator-->By.cssSelector: label[for='c1'].label-for-checkbox
17:27:12  manager.MyListener - Element with locator-->By.cssSelector: label[for='c1'].label-for-checkbox was found
17:27:12  manager.MyListener - Start searching for element with locator-->By.cssSelector: label[for='c1'].label-for-checkbox
17:27:12  manager.MyListener - Element with locator-->By.cssSelector: label[for='c1'].label-for-checkbox was found
17:27:12  manager.MyListener - Start searching for element with locator-->By.xpath: //button[text()=' Register']
17:27:12  manager.MyListener - Element with locator-->By.xpath: //button[text()=' Register'] was found
17:27:12  manager.MyListener - Start searching for element with locator-->By.xpath: //button[text()=' Register']
17:27:12  manager.MyListener - Element with locator-->By.xpath: //button[text()=' Register'] was found
17:27:12  manager.MyListener - Start searching for element with locator-->By.xpath: //p[@class = 'fl-login f35 text-center']
17:27:13  manager.MyListener - Element with locator-->By.xpath: //p[@class = 'fl-login f35 text-center'] was found
17:27:13  tests.Registration - Registration test passed Success
17:27:13  manager.MyListener - Start searching for element with locator-->By.xpath: //*[text()=' Return']
17:27:13  manager.MyListener - Element with locator-->By.xpath: //*[text()=' Return'] was found
17:27:17  tests.TestBase - End of the test-->registrationPosLB
17:27:17  tests.TestBase - start test-->registrationPosLB
17:27:17  manager.MyListener - Start searching for element with locator-->By.cssSelector: span [href='/login']
17:27:17  manager.MyListener - Element with locator-->By.cssSelector: span [href='/login'] was found
17:27:17  manager.MyListener - Start searching for element with locator-->By.xpath: //button[text()=' Register']
17:27:17  manager.MyListener - Element with locator-->By.xpath: //button[text()=' Register'] was found
17:27:17  tests.Registration - Test starts with details:-->Bob1 ,Bobby1 ,1637bo@gmail.com ,Aaaa$$$1637 ,Aaaa$$$1637 ,+11221637
17:27:17  manager.MyListener - Start searching for element with locator-->By.cssSelector: input[placeholder='Name*']
17:27:17  manager.MyListener - Element with locator-->By.cssSelector: input[placeholder='Name*'] was found
17:27:17  manager.MyListener - Start searching for element with locator-->By.cssSelector: input[placeholder='Surname*'
17:27:17  manager.MyListener - Element with locator-->By.cssSelector: input[placeholder='Surname*' was found
17:27:18  manager.MyListener - Start searching for element with locator-->By.cssSelector: input[placeholder='Email*'
17:27:18  manager.MyListener - Element with locator-->By.cssSelector: input[placeholder='Email*' was found
17:27:18  manager.MyListener - Start searching for element with locator-->By.cssSelector: input[placeholder='Password*'
17:27:18  manager.MyListener - Element with locator-->By.cssSelector: input[placeholder='Password*' was found
17:27:19  manager.MyListener - Start searching for element with locator-->By.cssSelector: input[placeholder='Confirm password*'
17:27:19  manager.MyListener - Element with locator-->By.cssSelector: input[placeholder='Confirm password*' was found
17:27:19  manager.MyListener - Start searching for element with locator-->By.cssSelector: input[placeholder='Phone number*'
17:27:19  manager.MyListener - Element with locator-->By.cssSelector: input[placeholder='Phone number*' was found
17:27:22  manager.MyListener - Start searching for element with locator-->By.cssSelector: label[for='c1'].label-for-checkbox
17:27:22  manager.MyListener - Element with locator-->By.cssSelector: label[for='c1'].label-for-checkbox was found
17:27:22  manager.MyListener - Start searching for element with locator-->By.cssSelector: label[for='c1'].label-for-checkbox
17:27:22  manager.MyListener - Element with locator-->By.cssSelector: label[for='c1'].label-for-checkbox was found
17:27:23  manager.MyListener - Start searching for element with locator-->By.xpath: //button[text()=' Register']
17:27:23  manager.MyListener - Element with locator-->By.xpath: //button[text()=' Register'] was found
17:27:23  manager.MyListener - Start searching for element with locator-->By.xpath: //button[text()=' Register']
17:27:23  manager.MyListener - Element with locator-->By.xpath: //button[text()=' Register'] was found
17:27:23  manager.MyListener - Start searching for element with locator-->By.xpath: //p[@class = 'fl-login f35 text-center']
17:27:23  manager.MyListener - Element with locator-->By.xpath: //p[@class = 'fl-login f35 text-center'] was found
17:27:23  tests.TestBase - End of the test-->registrationPosLB
17:27:23  tests.TestBase - start test-->registrationPosLB
17:27:23  manager.MyListener - Start searching for element with locator-->By.cssSelector: span [href='/login']
17:27:23  manager.MyListener - Element with locator-->By.cssSelector: span [href='/login'] was found
17:27:23  manager.MyListener - Start searching for element with locator-->By.xpath: //button[text()=' Register']
17:27:23  manager.MyListener - Element with locator-->By.xpath: //button[text()=' Register'] was found
17:27:24  tests.Registration - Test starts with details:-->Bob2 ,Bobby2 ,1644bo@gmail.com ,Aaaa$$$1644 ,Aaaa$$$1644 ,+11221644
17:27:24  manager.MyListener - Start searching for element with locator-->By.cssSelector: input[placeholder='Name*']
17:27:27  manager.MyListener - Something went wrong-->https://ticket-service-69443.firebaseapp.com/registration
17:27:27  manager.MyListener - no such element: Unable to locate element: {"method":"css selector","selector":"input[placeholder='Name*']"}
  (Session info: chrome=106.0.5249.119)
For documentation on this error, please visit: https://www.seleniumhq.org/exceptions/no_such_element.html
Build info: version: '3.141.59', revision: 'e82be7d358', time: '2018-11-14T08:17:03'
System info: host: 'DESKTOP-KF54E9L', ip: '192.168.42.119', os.name: 'Windows 10', os.arch: 'amd64', os.version: '10.0', java.version: '1.8.0_321'
Driver info: org.openqa.selenium.chrome.ChromeDriver
Capabilities {acceptInsecureCerts: false, browserName: chrome, browserVersion: 106.0.5249.119, chrome: {chromedriverVersion: 105.0.5195.52 (412c95e51883..., userDataDir: C:\Users\Olga\AppData\Local...}, goog:chromeOptions: {debuggerAddress: localhost:57091}, javascriptEnabled: true, networkConnectionEnabled: false, pageLoadStrategy: normal, platform: WINDOWS, platformName: WINDOWS, proxy: Proxy(), setWindowRect: true, strictFileInteractability: false, timeouts: {implicit: 0, pageLoad: 300000, script: 30000}, unhandledPromptBehavior: dismiss and notify, webauthn:extension:credBlob: true, webauthn:extension:largeBlob: true, webauthn:virtualAuthenticators: true}
Session ID: 5b4a5a3845736d05ac7ca1ca59486817
*** Element info: {Using=css selector, value=input[placeholder='Name*']}
17:27:27  manager.MyListener - org.openqa.selenium.NoSuchElementException: no such element: Unable to locate element: {"method":"css selector","selector":"input[placeholder='Name*']"}
  (Session info: chrome=106.0.5249.119)
For documentation on this error, please visit: https://www.seleniumhq.org/exceptions/no_such_element.html
Build info: version: '3.141.59', revision: 'e82be7d358', time: '2018-11-14T08:17:03'
System info: host: 'DESKTOP-KF54E9L', ip: '192.168.42.119', os.name: 'Windows 10', os.arch: 'amd64', os.version: '10.0', java.version: '1.8.0_321'
Driver info: org.openqa.selenium.chrome.ChromeDriver
Capabilities {acceptInsecureCerts: false, browserName: chrome, browserVersion: 106.0.5249.119, chrome: {chromedriverVersion: 105.0.5195.52 (412c95e51883..., userDataDir: C:\Users\Olga\AppData\Local...}, goog:chromeOptions: {debuggerAddress: localhost:57091}, javascriptEnabled: true, networkConnectionEnabled: false, pageLoadStrategy: normal, platform: WINDOWS, platformName: WINDOWS, proxy: Proxy(), setWindowRect: true, strictFileInteractability: false, timeouts: {implicit: 0, pageLoad: 300000, script: 30000}, unhandledPromptBehavior: dismiss and notify, webauthn:extension:credBlob: true, webauthn:extension:largeBlob: true, webauthn:virtualAuthenticators: true}
Session ID: 5b4a5a3845736d05ac7ca1ca59486817
*** Element info: {Using=css selector, value=input[placeholder='Name*']}
17:27:27  tests.TestBase - End of the test-->registrationPosLB
17:27:27  tests.TestBase - start test-->registrationPosLB
17:27:27  manager.MyListener - Start searching for element with locator-->By.cssSelector: span [href='/login']
17:27:27  manager.MyListener - Element with locator-->By.cssSelector: span [href='/login'] was found
17:27:28  manager.MyListener - Start searching for element with locator-->By.xpath: //button[text()=' Register']
17:27:28  manager.MyListener - Element with locator-->By.xpath: //button[text()=' Register'] was found
17:27:29  tests.Registration - Test starts with details:-->Bob3 ,Bobby3 ,1649bo@gmail.com ,Aaaa$$$1649 ,Aaaa$$$1649 ,+11221649
17:27:29  manager.MyListener - Start searching for element with locator-->By.cssSelector: input[placeholder='Name*']
17:27:31  manager.MyListener - Element with locator-->By.cssSelector: input[placeholder='Name*'] was found
17:27:32  manager.MyListener - Start searching for element with locator-->By.cssSelector: input[placeholder='Surname*'
17:27:32  manager.MyListener - Element with locator-->By.cssSelector: input[placeholder='Surname*' was found
17:27:32  manager.MyListener - Start searching for element with locator-->By.cssSelector: input[placeholder='Email*'
17:27:32  manager.MyListener - Element with locator-->By.cssSelector: input[placeholder='Email*' was found
17:27:33  manager.MyListener - Start searching for element with locator-->By.cssSelector: input[placeholder='Password*'
17:27:33  manager.MyListener - Element with locator-->By.cssSelector: input[placeholder='Password*' was found
17:27:33  manager.MyListener - Start searching for element with locator-->By.cssSelector: input[placeholder='Confirm password*'
17:27:34  manager.MyListener - Element with locator-->By.cssSelector: input[placeholder='Confirm password*' was found
17:27:34  manager.MyListener - Start searching for element with locator-->By.cssSelector: input[placeholder='Phone number*'
17:27:34  manager.MyListener - Element with locator-->By.cssSelector: input[placeholder='Phone number*' was found
17:27:38  manager.MyListener - Start searching for element with locator-->By.cssSelector: label[for='c1'].label-for-checkbox
17:27:38  manager.MyListener - Element with locator-->By.cssSelector: label[for='c1'].label-for-checkbox was found
17:27:38  manager.MyListener - Start searching for element with locator-->By.cssSelector: label[for='c1'].label-for-checkbox
17:27:38  manager.MyListener - Element with locator-->By.cssSelector: label[for='c1'].label-for-checkbox was found
17:27:38  manager.MyListener - Start searching for element with locator-->By.xpath: //button[text()=' Register']
17:27:38  manager.MyListener - Element with locator-->By.xpath: //button[text()=' Register'] was found
17:27:38  manager.MyListener - Start searching for element with locator-->By.xpath: //button[text()=' Register']
17:27:38  manager.MyListener - Element with locator-->By.xpath: //button[text()=' Register'] was found
17:27:38  manager.MyListener - Start searching for element with locator-->By.xpath: //p[@class = 'fl-login f35 text-center']
17:27:39  manager.MyListener - Element with locator-->By.xpath: //p[@class = 'fl-login f35 text-center'] was found
17:27:39  tests.TestBase - End of the test-->registrationPosLB
