17:48:55  tests.TestBase - start test-->registrationNegEmailEmpty
17:48:55  manager.MyListener - Start searching for element with locator-->By.cssSelector: span [href='/login']
17:48:55  manager.MyListener - Element with locator-->By.cssSelector: span [href='/login'] was found
17:48:55  manager.MyListener - Start searching for element with locator-->By.xpath: //button[text()=' Register']
17:48:55  manager.MyListener - Element with locator-->By.xpath: //button[text()=' Register'] was found
17:48:56  tests.Registration - Test starts with details:-->Ola, Mar, 
17:48:56  manager.MyListener - Start searching for element with locator-->By.cssSelector: input[placeholder='Name*']
17:48:56  manager.MyListener - Element with locator-->By.cssSelector: input[placeholder='Name*'] was found
17:48:56  manager.MyListener - Start searching for element with locator-->By.cssSelector: input[placeholder='Surname*'
17:48:56  manager.MyListener - Element with locator-->By.cssSelector: input[placeholder='Surname*' was found
17:48:56  manager.MyListener - Start searching for element with locator-->By.cssSelector: input[placeholder='Email*'
17:48:56  manager.MyListener - Element with locator-->By.cssSelector: input[placeholder='Email*' was found
17:48:56  manager.MyListener - Start searching for element with locator-->By.cssSelector: input[placeholder='Password*'
17:48:56  manager.MyListener - Element with locator-->By.cssSelector: input[placeholder='Password*' was found
17:48:57  manager.MyListener - Start searching for element with locator-->By.cssSelector: input[placeholder='Confirm password*'
17:48:57  manager.MyListener - Element with locator-->By.cssSelector: input[placeholder='Confirm password*' was found
17:48:57  manager.MyListener - Start searching for element with locator-->By.cssSelector: input[placeholder='Phone number*'
17:48:57  manager.MyListener - Element with locator-->By.cssSelector: input[placeholder='Phone number*' was found
17:49:00  manager.MyListener - Start searching for element with locator-->By.cssSelector: label[for='c1'].label-for-checkbox
17:49:01  manager.MyListener - Element with locator-->By.cssSelector: label[for='c1'].label-for-checkbox was found
17:49:01  manager.MyListener - Start searching for element with locator-->By.cssSelector: label[for='c1'].label-for-checkbox
17:49:01  manager.MyListener - Element with locator-->By.cssSelector: label[for='c1'].label-for-checkbox was found
17:49:04  manager.MyListener - Start searching for element with locator-->By.xpath: //button[text()=' Register']
17:49:04  manager.MyListener - Element with locator-->By.xpath: //button[text()=' Register'] was found
17:49:04  manager.MyListener - Start searching for element with locator-->By.xpath: //button[text()=' Register']
17:49:04  manager.MyListener - Element with locator-->By.xpath: //button[text()=' Register'] was found
17:49:04  manager.MyListener - Start searching for element with locator-->By.cssSelector: input[placeholder='Email*'
17:49:04  manager.MyListener - Element with locator-->By.cssSelector: input[placeholder='Email*' was found
17:49:04  tests.Registration - Registration test with wrong data finished
17:49:04  tests.TestBase - End of the test-->registrationNegEmailEmpty
17:49:04  tests.TestBase - start test-->registrationNegExistUser
17:49:04  manager.MyListener - Start searching for element with locator-->By.cssSelector: span [href='/login']
17:49:05  manager.MyListener - Element with locator-->By.cssSelector: span [href='/login'] was found
17:49:05  manager.MyListener - Start searching for element with locator-->By.xpath: //button[text()=' Register']
17:49:05  manager.MyListener - Element with locator-->By.xpath: //button[text()=' Register'] was found
17:49:05  tests.Registration - Test starts with details:-->Ola, Mar, olamm@gmail.com
17:49:05  manager.MyListener - Start searching for element with locator-->By.cssSelector: input[placeholder='Name*']
17:49:05  manager.MyListener - Element with locator-->By.cssSelector: input[placeholder='Name*'] was found
17:49:05  manager.MyListener - Start searching for element with locator-->By.cssSelector: input[placeholder='Surname*'
17:49:05  manager.MyListener - Element with locator-->By.cssSelector: input[placeholder='Surname*' was found
17:49:06  manager.MyListener - Start searching for element with locator-->By.cssSelector: input[placeholder='Email*'
17:49:06  manager.MyListener - Element with locator-->By.cssSelector: input[placeholder='Email*' was found
17:49:06  manager.MyListener - Start searching for element with locator-->By.cssSelector: input[placeholder='Password*'
17:49:06  manager.MyListener - Element with locator-->By.cssSelector: input[placeholder='Password*' was found
17:49:06  manager.MyListener - Start searching for element with locator-->By.cssSelector: input[placeholder='Confirm password*'
17:49:06  manager.MyListener - Element with locator-->By.cssSelector: input[placeholder='Confirm password*' was found
17:49:07  manager.MyListener - Start searching for element with locator-->By.cssSelector: input[placeholder='Phone number*'
17:49:07  manager.MyListener - Element with locator-->By.cssSelector: input[placeholder='Phone number*' was found
17:49:10  manager.MyListener - Start searching for element with locator-->By.cssSelector: label[for='c1'].label-for-checkbox
17:49:10  manager.MyListener - Element with locator-->By.cssSelector: label[for='c1'].label-for-checkbox was found
17:49:10  manager.MyListener - Start searching for element with locator-->By.cssSelector: label[for='c1'].label-for-checkbox
17:49:10  manager.MyListener - Element with locator-->By.cssSelector: label[for='c1'].label-for-checkbox was found
17:49:13  manager.MyListener - Start searching for element with locator-->By.xpath: //button[text()=' Register']
17:49:13  manager.MyListener - Element with locator-->By.xpath: //button[text()=' Register'] was found
17:49:14  manager.MyListener - Start searching for element with locator-->By.xpath: //button[text()=' Register']
17:49:14  manager.MyListener - Element with locator-->By.xpath: //button[text()=' Register'] was found
17:49:14  manager.MyListener - Start searching for element with locator-->By.xpath: //p[@class = 'fl-login f35 text-center']
17:49:14  manager.MyListener - Element with locator-->By.xpath: //p[@class = 'fl-login f35 text-center'] was found
17:49:14  manager.MyListener - Start searching for element with locator-->By.xpath: //*[text()=' Return to registration']
17:49:14  manager.MyListener - Element with locator-->By.xpath: //*[text()=' Return to registration'] was found
17:49:15  tests.Registration - Registration test with wrong data finished
17:49:15  tests.TestBase - End of the test-->registrationNegExistUser
17:49:15  tests.TestBase - start test-->registrationPositive
17:49:15  manager.MyListener - Start searching for element with locator-->By.cssSelector: span [href='/login']
17:49:15  manager.MyListener - Element with locator-->By.cssSelector: span [href='/login'] was found
17:49:15  manager.MyListener - Start searching for element with locator-->By.xpath: //button[text()=' Register']
17:49:15  manager.MyListener - Element with locator-->By.xpath: //button[text()=' Register'] was found
17:49:16  tests.Registration - Test starts with details:-->Ola, Mar, olamm2923@gmail.com
17:49:16  manager.MyListener - Start searching for element with locator-->By.cssSelector: input[placeholder='Name*']
17:49:16  manager.MyListener - Element with locator-->By.cssSelector: input[placeholder='Name*'] was found
17:49:16  manager.MyListener - Start searching for element with locator-->By.cssSelector: input[placeholder='Surname*'
17:49:16  manager.MyListener - Element with locator-->By.cssSelector: input[placeholder='Surname*' was found
17:49:17  manager.MyListener - Start searching for element with locator-->By.cssSelector: input[placeholder='Email*'
17:49:17  manager.MyListener - Element with locator-->By.cssSelector: input[placeholder='Email*' was found
17:49:18  manager.MyListener - Start searching for element with locator-->By.cssSelector: input[placeholder='Password*'
17:49:18  manager.MyListener - Element with locator-->By.cssSelector: input[placeholder='Password*' was found
17:49:19  manager.MyListener - Start searching for element with locator-->By.cssSelector: input[placeholder='Confirm password*'
17:49:19  manager.MyListener - Element with locator-->By.cssSelector: input[placeholder='Confirm password*' was found
17:49:19  manager.MyListener - Start searching for element with locator-->By.cssSelector: input[placeholder='Phone number*'
17:49:19  manager.MyListener - Element with locator-->By.cssSelector: input[placeholder='Phone number*' was found
17:49:23  manager.MyListener - Start searching for element with locator-->By.cssSelector: label[for='c1'].label-for-checkbox
17:49:23  manager.MyListener - Element with locator-->By.cssSelector: label[for='c1'].label-for-checkbox was found
17:49:23  manager.MyListener - Start searching for element with locator-->By.cssSelector: label[for='c1'].label-for-checkbox
17:49:23  manager.MyListener - Element with locator-->By.cssSelector: label[for='c1'].label-for-checkbox was found
17:49:26  manager.MyListener - Start searching for element with locator-->By.xpath: //button[text()=' Register']
17:49:26  manager.MyListener - Element with locator-->By.xpath: //button[text()=' Register'] was found
17:49:26  manager.MyListener - Start searching for element with locator-->By.xpath: //button[text()=' Register']
17:49:26  manager.MyListener - Element with locator-->By.xpath: //button[text()=' Register'] was found
17:49:26  manager.MyListener - Start searching for element with locator-->By.xpath: //p[@class = 'fl-login f35 text-center']
17:49:28  manager.MyListener - Element with locator-->By.xpath: //p[@class = 'fl-login f35 text-center'] was found
17:49:28  tests.Registration - Registration test passed Success
17:49:28  manager.MyListener - Start searching for element with locator-->By.xpath: //*[text()=' Return']
17:49:28  manager.MyListener - Element with locator-->By.xpath: //*[text()=' Return'] was found
17:49:29  tests.TestBase - End of the test-->registrationPositive
17:49:29  tests.TestBase - start test-->registrationWrongEmailFormat
17:49:29  manager.MyListener - Start searching for element with locator-->By.cssSelector: span [href='/login']
17:49:29  manager.MyListener - Element with locator-->By.cssSelector: span [href='/login'] was found
17:49:29  manager.MyListener - Start searching for element with locator-->By.xpath: //button[text()=' Register']
17:49:29  manager.MyListener - Element with locator-->By.xpath: //button[text()=' Register'] was found
17:49:30  tests.Registration - Test starts with details:-->Ola, Mar, olamm2923gmail.com
17:49:30  manager.MyListener - Start searching for element with locator-->By.cssSelector: input[placeholder='Name*']
17:49:30  manager.MyListener - Element with locator-->By.cssSelector: input[placeholder='Name*'] was found
17:49:30  manager.MyListener - Start searching for element with locator-->By.cssSelector: input[placeholder='Surname*'
17:49:30  manager.MyListener - Element with locator-->By.cssSelector: input[placeholder='Surname*' was found
17:49:30  manager.MyListener - Start searching for element with locator-->By.cssSelector: input[placeholder='Email*'
17:49:30  manager.MyListener - Element with locator-->By.cssSelector: input[placeholder='Email*' was found
17:49:31  manager.MyListener - Start searching for element with locator-->By.cssSelector: input[placeholder='Password*'
17:49:31  manager.MyListener - Element with locator-->By.cssSelector: input[placeholder='Password*' was found
17:49:31  manager.MyListener - Start searching for element with locator-->By.cssSelector: input[placeholder='Confirm password*'
17:49:31  manager.MyListener - Element with locator-->By.cssSelector: input[placeholder='Confirm password*' was found
17:49:31  manager.MyListener - Start searching for element with locator-->By.cssSelector: input[placeholder='Phone number*'
17:49:31  manager.MyListener - Element with locator-->By.cssSelector: input[placeholder='Phone number*' was found
17:49:35  manager.MyListener - Start searching for element with locator-->By.cssSelector: label[for='c1'].label-for-checkbox
17:49:35  manager.MyListener - Element with locator-->By.cssSelector: label[for='c1'].label-for-checkbox was found
17:49:35  manager.MyListener - Start searching for element with locator-->By.cssSelector: label[for='c1'].label-for-checkbox
17:49:35  manager.MyListener - Element with locator-->By.cssSelector: label[for='c1'].label-for-checkbox was found
17:49:38  manager.MyListener - Start searching for element with locator-->By.xpath: //button[text()=' Register']
17:49:38  manager.MyListener - Element with locator-->By.xpath: //button[text()=' Register'] was found
17:49:38  manager.MyListener - Start searching for element with locator-->By.xpath: //button[text()=' Register']
17:49:38  manager.MyListener - Element with locator-->By.xpath: //button[text()=' Register'] was found
17:49:38  manager.MyListener - Start searching for element with locator-->By.xpath: //button[text()=' Register']
17:49:38  manager.MyListener - Element with locator-->By.xpath: //button[text()=' Register'] was found
17:49:38  tests.Registration - Registration test with wrong data finished
17:49:38  tests.TestBase - End of the test-->registrationWrongEmailFormat
