13:08:19  tests.TestBase - start test-->registrationNegEmailEmpty
13:08:19  manager.MyListener - Start searching for element with locator-->By.cssSelector: span [href='/login']
13:08:19  manager.MyListener - Element with locator-->By.cssSelector: span [href='/login'] was found
13:08:19  manager.MyListener - Start searching for element with locator-->By.xpath: //button[text()=' Register']
13:08:19  manager.MyListener - Element with locator-->By.xpath: //button[text()=' Register'] was found
13:08:20  tests.Registration - Test starts with details:-->Ola, Mar, 
13:08:20  manager.MyListener - Start searching for element with locator-->By.cssSelector: input[placeholder='Name*']
13:08:20  manager.MyListener - Element with locator-->By.cssSelector: input[placeholder='Name*'] was found
13:08:20  manager.MyListener - Start searching for element with locator-->By.cssSelector: input[placeholder='Surname*'
13:08:20  manager.MyListener - Element with locator-->By.cssSelector: input[placeholder='Surname*' was found
13:08:21  manager.MyListener - Start searching for element with locator-->By.cssSelector: input[placeholder='Email*'
13:08:21  manager.MyListener - Element with locator-->By.cssSelector: input[placeholder='Email*' was found
13:08:21  manager.MyListener - Start searching for element with locator-->By.cssSelector: input[placeholder='Password*'
13:08:21  manager.MyListener - Element with locator-->By.cssSelector: input[placeholder='Password*' was found
13:08:22  manager.MyListener - Start searching for element with locator-->By.cssSelector: input[placeholder='Confirm password*'
13:08:22  manager.MyListener - Element with locator-->By.cssSelector: input[placeholder='Confirm password*' was found
13:08:22  manager.MyListener - Start searching for element with locator-->By.cssSelector: input[placeholder='Phone number*'
13:08:23  manager.MyListener - Element with locator-->By.cssSelector: input[placeholder='Phone number*' was found
13:08:23  manager.MyListener - Start searching for element with locator-->By.cssSelector: label[for='c1'].label-for-checkbox
13:08:23  manager.MyListener - Element with locator-->By.cssSelector: label[for='c1'].label-for-checkbox was found
13:08:23  manager.MyListener - Start searching for element with locator-->By.cssSelector: label[for='c1'].label-for-checkbox
13:08:23  manager.MyListener - Element with locator-->By.cssSelector: label[for='c1'].label-for-checkbox was found
13:08:23  manager.MyListener - Start searching for element with locator-->By.xpath: //button[text()=' Register']
13:08:23  manager.MyListener - Element with locator-->By.xpath: //button[text()=' Register'] was found
13:08:24  manager.MyListener - Start searching for element with locator-->By.xpath: //button[text()=' Register']
13:08:24  manager.MyListener - Element with locator-->By.xpath: //button[text()=' Register'] was found
13:08:24  manager.MyListener - Start searching for element with locator-->By.cssSelector: input[placeholder='Email*'
13:08:24  manager.MyListener - Element with locator-->By.cssSelector: input[placeholder='Email*' was found
13:08:24  tests.TestBase - End of the test-->registrationNegEmailEmpty
