17:25:29  tests.TestBase - start test-->registrationPosLB
17:25:29  manager.MyListener - Start searching for element with locator-->By.cssSelector: span [href='/login']
17:25:30  manager.MyListener - Element with locator-->By.cssSelector: span [href='/login'] was found
17:25:30  manager.MyListener - Start searching for element with locator-->By.xpath: //button[text()=' Register']
17:25:30  manager.MyListener - Element with locator-->By.xpath: //button[text()=' Register'] was found
17:25:30  tests.Registration - Test starts with details:-->Bob ,Bobby ,1530bo@gmail.com ,Aaaa$$$1530 ,Aaaa$$$1530 ,+11221530
17:25:30  manager.MyListener - Start searching for element with locator-->By.cssSelector: input[placeholder='Name*']
17:25:30  manager.MyListener - Element with locator-->By.cssSelector: input[placeholder='Name*'] was found
17:25:31  manager.MyListener - Start searching for element with locator-->By.cssSelector: input[placeholder='Surname*'
17:25:31  manager.MyListener - Element with locator-->By.cssSelector: input[placeholder='Surname*' was found
17:25:31  manager.MyListener - Start searching for element with locator-->By.cssSelector: input[placeholder='Email*'
17:25:31  manager.MyListener - Element with locator-->By.cssSelector: input[placeholder='Email*' was found
17:25:32  manager.MyListener - Start searching for element with locator-->By.cssSelector: input[placeholder='Password*'
17:25:32  manager.MyListener - Element with locator-->By.cssSelector: input[placeholder='Password*' was found
17:25:32  manager.MyListener - Start searching for element with locator-->By.cssSelector: input[placeholder='Confirm password*'
17:25:32  manager.MyListener - Element with locator-->By.cssSelector: input[placeholder='Confirm password*' was found
17:25:33  manager.MyListener - Start searching for element with locator-->By.cssSelector: input[placeholder='Phone number*'
17:25:33  manager.MyListener - Element with locator-->By.cssSelector: input[placeholder='Phone number*' was found
17:25:36  manager.MyListener - Start searching for element with locator-->By.cssSelector: label[for='c1'].label-for-checkbox
17:25:36  manager.MyListener - Element with locator-->By.cssSelector: label[for='c1'].label-for-checkbox was found
17:25:36  manager.MyListener - Start searching for element with locator-->By.cssSelector: label[for='c1'].label-for-checkbox
17:25:36  manager.MyListener - Element with locator-->By.cssSelector: label[for='c1'].label-for-checkbox was found
17:25:37  manager.MyListener - Start searching for element with locator-->By.xpath: //button[text()=' Register']
17:25:37  manager.MyListener - Element with locator-->By.xpath: //button[text()=' Register'] was found
17:25:37  manager.MyListener - Start searching for element with locator-->By.xpath: //button[text()=' Register']
17:25:37  manager.MyListener - Element with locator-->By.xpath: //button[text()=' Register'] was found
17:25:37  manager.MyListener - Start searching for element with locator-->By.xpath: //p[@class = 'fl-login f35 text-center']
17:25:38  manager.MyListener - Element with locator-->By.xpath: //p[@class = 'fl-login f35 text-center'] was found
17:25:38  tests.Registration - Registration test passed Success
17:25:38  manager.MyListener - Start searching for element with locator-->By.xpath: //*[text()=' Return']
17:25:38  manager.MyListener - Element with locator-->By.xpath: //*[text()=' Return'] was found
17:25:41  tests.TestBase - End of the test-->registrationPosLB
17:25:41  tests.TestBase - start test-->registrationPosLB
17:25:41  manager.MyListener - Start searching for element with locator-->By.cssSelector: span [href='/login']
17:25:41  manager.MyListener - Element with locator-->By.cssSelector: span [href='/login'] was found
17:25:41  manager.MyListener - Start searching for element with locator-->By.xpath: //button[text()=' Register']
17:25:41  manager.MyListener - Element with locator-->By.xpath: //button[text()=' Register'] was found
17:25:41  tests.Registration - Test starts with details:-->Bob1 ,Bobby1 ,1541bo@gmail.com ,Aaaa$$$1541 ,Aaaa$$$1541 ,+11221541
17:25:41  manager.MyListener - Start searching for element with locator-->By.cssSelector: input[placeholder='Name*']
17:25:41  manager.MyListener - Element with locator-->By.cssSelector: input[placeholder='Name*'] was found
17:25:42  manager.MyListener - Start searching for element with locator-->By.cssSelector: input[placeholder='Surname*'
17:25:42  manager.MyListener - Element with locator-->By.cssSelector: input[placeholder='Surname*' was found
17:25:42  manager.MyListener - Start searching for element with locator-->By.cssSelector: input[placeholder='Email*'
17:25:42  manager.MyListener - Element with locator-->By.cssSelector: input[placeholder='Email*' was found
17:25:43  manager.MyListener - Start searching for element with locator-->By.cssSelector: input[placeholder='Password*'
17:25:43  manager.MyListener - Element with locator-->By.cssSelector: input[placeholder='Password*' was found
17:25:43  manager.MyListener - Start searching for element with locator-->By.cssSelector: input[placeholder='Confirm password*'
17:25:43  manager.MyListener - Element with locator-->By.cssSelector: input[placeholder='Confirm password*' was found
17:25:44  manager.MyListener - Start searching for element with locator-->By.cssSelector: input[placeholder='Phone number*'
17:25:44  manager.MyListener - Element with locator-->By.cssSelector: input[placeholder='Phone number*' was found
17:25:47  manager.MyListener - Start searching for element with locator-->By.cssSelector: label[for='c1'].label-for-checkbox
17:25:47  manager.MyListener - Element with locator-->By.cssSelector: label[for='c1'].label-for-checkbox was found
17:25:47  manager.MyListener - Start searching for element with locator-->By.cssSelector: label[for='c1'].label-for-checkbox
17:25:47  manager.MyListener - Element with locator-->By.cssSelector: label[for='c1'].label-for-checkbox was found
17:25:47  manager.MyListener - Start searching for element with locator-->By.xpath: //button[text()=' Register']
17:25:47  manager.MyListener - Element with locator-->By.xpath: //button[text()=' Register'] was found
17:25:47  manager.MyListener - Start searching for element with locator-->By.xpath: //button[text()=' Register']
17:25:47  manager.MyListener - Element with locator-->By.xpath: //button[text()=' Register'] was found
17:25:47  manager.MyListener - Start searching for element with locator-->By.xpath: //p[@class = 'fl-login f35 text-center']
17:25:48  manager.MyListener - Element with locator-->By.xpath: //p[@class = 'fl-login f35 text-center'] was found
17:25:48  tests.TestBase - End of the test-->registrationPosLB
17:25:48  tests.TestBase - start test-->registrationPosLB
17:25:48  manager.MyListener - Start searching for element with locator-->By.cssSelector: span [href='/login']
17:25:48  manager.MyListener - Element with locator-->By.cssSelector: span [href='/login'] was found
17:25:48  manager.MyListener - Start searching for element with locator-->By.xpath: //button[text()=' Register']
17:25:48  manager.MyListener - Element with locator-->By.xpath: //button[text()=' Register'] was found
17:25:48  tests.Registration - Test starts with details:-->Bob2 ,Bobby2 ,1548bo@gmail.com ,Aaaa$$$1548 ,Aaaa$$$1548 ,+11221548
17:25:48  manager.MyListener - Start searching for element with locator-->By.cssSelector: input[placeholder='Name*']
17:25:52  manager.MyListener - Something went wrong-->https://ticket-service-69443.firebaseapp.com/registration
17:25:52  manager.MyListener - no such element: Unable to locate element: {"method":"css selector","selector":"input[placeholder='Name*']"}
  (Session info: chrome=106.0.5249.119)
For documentation on this error, please visit: https://www.seleniumhq.org/exceptions/no_such_element.html
Build info: version: '3.141.59', revision: 'e82be7d358', time: '2018-11-14T08:17:03'
System info: host: 'DESKTOP-KF54E9L', ip: '192.168.42.119', os.name: 'Windows 10', os.arch: 'amd64', os.version: '10.0', java.version: '1.8.0_321'
Driver info: org.openqa.selenium.chrome.ChromeDriver
Capabilities {acceptInsecureCerts: false, browserName: chrome, browserVersion: 106.0.5249.119, chrome: {chromedriverVersion: 105.0.5195.52 (412c95e51883..., userDataDir: C:\Users\Olga\AppData\Local...}, goog:chromeOptions: {debuggerAddress: localhost:56776}, javascriptEnabled: true, networkConnectionEnabled: false, pageLoadStrategy: normal, platform: WINDOWS, platformName: WINDOWS, proxy: Proxy(), setWindowRect: true, strictFileInteractability: false, timeouts: {implicit: 0, pageLoad: 300000, script: 30000}, unhandledPromptBehavior: dismiss and notify, webauthn:extension:credBlob: true, webauthn:extension:largeBlob: true, webauthn:virtualAuthenticators: true}
Session ID: cce50cd94050861f65677d078c20e080
*** Element info: {Using=css selector, value=input[placeholder='Name*']}
17:25:52  manager.MyListener - org.openqa.selenium.NoSuchElementException: no such element: Unable to locate element: {"method":"css selector","selector":"input[placeholder='Name*']"}
  (Session info: chrome=106.0.5249.119)
For documentation on this error, please visit: https://www.seleniumhq.org/exceptions/no_such_element.html
Build info: version: '3.141.59', revision: 'e82be7d358', time: '2018-11-14T08:17:03'
System info: host: 'DESKTOP-KF54E9L', ip: '192.168.42.119', os.name: 'Windows 10', os.arch: 'amd64', os.version: '10.0', java.version: '1.8.0_321'
Driver info: org.openqa.selenium.chrome.ChromeDriver
Capabilities {acceptInsecureCerts: false, browserName: chrome, browserVersion: 106.0.5249.119, chrome: {chromedriverVersion: 105.0.5195.52 (412c95e51883..., userDataDir: C:\Users\Olga\AppData\Local...}, goog:chromeOptions: {debuggerAddress: localhost:56776}, javascriptEnabled: true, networkConnectionEnabled: false, pageLoadStrategy: normal, platform: WINDOWS, platformName: WINDOWS, proxy: Proxy(), setWindowRect: true, strictFileInteractability: false, timeouts: {implicit: 0, pageLoad: 300000, script: 30000}, unhandledPromptBehavior: dismiss and notify, webauthn:extension:credBlob: true, webauthn:extension:largeBlob: true, webauthn:virtualAuthenticators: true}
Session ID: cce50cd94050861f65677d078c20e080
*** Element info: {Using=css selector, value=input[placeholder='Name*']}
17:25:52  tests.TestBase - End of the test-->registrationPosLB
17:25:52  tests.TestBase - start test-->registrationPosLB
17:25:52  manager.MyListener - Start searching for element with locator-->By.cssSelector: span [href='/login']
17:25:53  manager.MyListener - Element with locator-->By.cssSelector: span [href='/login'] was found
17:25:53  manager.MyListener - Start searching for element with locator-->By.xpath: //button[text()=' Register']
17:25:53  manager.MyListener - Element with locator-->By.xpath: //button[text()=' Register'] was found
17:25:53  tests.Registration - Test starts with details:-->Bob3 ,Bobby3 ,1553bo@gmail.com ,Aaaa$$$1553 ,Aaaa$$$1553 ,+11221553
17:25:53  manager.MyListener - Start searching for element with locator-->By.cssSelector: input[placeholder='Name*']
17:25:57  manager.MyListener - Something went wrong-->https://ticket-service-69443.firebaseapp.com/registration
17:25:57  manager.MyListener - no such element: Unable to locate element: {"method":"css selector","selector":"input[placeholder='Name*']"}
  (Session info: chrome=106.0.5249.119)
For documentation on this error, please visit: https://www.seleniumhq.org/exceptions/no_such_element.html
Build info: version: '3.141.59', revision: 'e82be7d358', time: '2018-11-14T08:17:03'
System info: host: 'DESKTOP-KF54E9L', ip: '192.168.42.119', os.name: 'Windows 10', os.arch: 'amd64', os.version: '10.0', java.version: '1.8.0_321'
Driver info: org.openqa.selenium.chrome.ChromeDriver
Capabilities {acceptInsecureCerts: false, browserName: chrome, browserVersion: 106.0.5249.119, chrome: {chromedriverVersion: 105.0.5195.52 (412c95e51883..., userDataDir: C:\Users\Olga\AppData\Local...}, goog:chromeOptions: {debuggerAddress: localhost:56776}, javascriptEnabled: true, networkConnectionEnabled: false, pageLoadStrategy: normal, platform: WINDOWS, platformName: WINDOWS, proxy: Proxy(), setWindowRect: true, strictFileInteractability: false, timeouts: {implicit: 0, pageLoad: 300000, script: 30000}, unhandledPromptBehavior: dismiss and notify, webauthn:extension:credBlob: true, webauthn:extension:largeBlob: true, webauthn:virtualAuthenticators: true}
Session ID: cce50cd94050861f65677d078c20e080
*** Element info: {Using=css selector, value=input[placeholder='Name*']}
17:25:57  manager.MyListener - org.openqa.selenium.NoSuchElementException: no such element: Unable to locate element: {"method":"css selector","selector":"input[placeholder='Name*']"}
  (Session info: chrome=106.0.5249.119)
For documentation on this error, please visit: https://www.seleniumhq.org/exceptions/no_such_element.html
Build info: version: '3.141.59', revision: 'e82be7d358', time: '2018-11-14T08:17:03'
System info: host: 'DESKTOP-KF54E9L', ip: '192.168.42.119', os.name: 'Windows 10', os.arch: 'amd64', os.version: '10.0', java.version: '1.8.0_321'
Driver info: org.openqa.selenium.chrome.ChromeDriver
Capabilities {acceptInsecureCerts: false, browserName: chrome, browserVersion: 106.0.5249.119, chrome: {chromedriverVersion: 105.0.5195.52 (412c95e51883..., userDataDir: C:\Users\Olga\AppData\Local...}, goog:chromeOptions: {debuggerAddress: localhost:56776}, javascriptEnabled: true, networkConnectionEnabled: false, pageLoadStrategy: normal, platform: WINDOWS, platformName: WINDOWS, proxy: Proxy(), setWindowRect: true, strictFileInteractability: false, timeouts: {implicit: 0, pageLoad: 300000, script: 30000}, unhandledPromptBehavior: dismiss and notify, webauthn:extension:credBlob: true, webauthn:extension:largeBlob: true, webauthn:virtualAuthenticators: true}
Session ID: cce50cd94050861f65677d078c20e080
*** Element info: {Using=css selector, value=input[placeholder='Name*']}
17:25:57  tests.TestBase - End of the test-->registrationPosLB
