17:36:24  tests.TestBase - start test-->registrationNegEmailEmpty
17:36:24  manager.MyListener - Start searching for element with locator-->By.cssSelector: span [href='/login']
17:36:24  manager.MyListener - Element with locator-->By.cssSelector: span [href='/login'] was found
17:36:24  manager.MyListener - Start searching for element with locator-->By.xpath: //button[text()=' Register']
17:36:25  manager.MyListener - Element with locator-->By.xpath: //button[text()=' Register'] was found
17:36:25  tests.Registration - Test starts with details:-->Ola, Mar, 
17:36:25  manager.MyListener - Start searching for element with locator-->By.cssSelector: input[placeholder='Name*']
17:36:25  manager.MyListener - Element with locator-->By.cssSelector: input[placeholder='Name*'] was found
17:36:26  manager.MyListener - Start searching for element with locator-->By.cssSelector: input[placeholder='Surname*'
17:36:26  manager.MyListener - Element with locator-->By.cssSelector: input[placeholder='Surname*' was found
17:36:26  manager.MyListener - Start searching for element with locator-->By.cssSelector: input[placeholder='Email*'
17:36:26  manager.MyListener - Element with locator-->By.cssSelector: input[placeholder='Email*' was found
17:36:27  manager.MyListener - Start searching for element with locator-->By.cssSelector: input[placeholder='Password*'
17:36:27  manager.MyListener - Element with locator-->By.cssSelector: input[placeholder='Password*' was found
17:36:27  manager.MyListener - Start searching for element with locator-->By.cssSelector: input[placeholder='Confirm password*'
17:36:28  manager.MyListener - Element with locator-->By.cssSelector: input[placeholder='Confirm password*' was found
17:36:28  manager.MyListener - Start searching for element with locator-->By.cssSelector: input[placeholder='Phone number*'
17:36:28  manager.MyListener - Element with locator-->By.cssSelector: input[placeholder='Phone number*' was found
17:36:31  manager.MyListener - Start searching for element with locator-->By.cssSelector: label[for='c1'].label-for-checkbox
17:36:31  manager.MyListener - Element with locator-->By.cssSelector: label[for='c1'].label-for-checkbox was found
17:36:31  manager.MyListener - Start searching for element with locator-->By.cssSelector: label[for='c1'].label-for-checkbox
17:36:31  manager.MyListener - Element with locator-->By.cssSelector: label[for='c1'].label-for-checkbox was found
17:36:34  manager.MyListener - Start searching for element with locator-->By.xpath: //button[text()=' Register']
17:36:34  manager.MyListener - Element with locator-->By.xpath: //button[text()=' Register'] was found
17:36:35  manager.MyListener - Start searching for element with locator-->By.xpath: //button[text()=' Register']
17:36:35  manager.MyListener - Element with locator-->By.xpath: //button[text()=' Register'] was found
17:36:35  manager.MyListener - Start searching for element with locator-->By.cssSelector: input[placeholder='Email*'
17:36:35  manager.MyListener - Element with locator-->By.cssSelector: input[placeholder='Email*' was found
17:36:35  tests.Registration - Registration test with wrong data finished
17:36:35  tests.TestBase - End of the test-->registrationNegEmailEmpty
17:36:35  tests.TestBase - start test-->registrationNegExistUser
17:36:35  manager.MyListener - Start searching for element with locator-->By.cssSelector: span [href='/login']
17:36:35  manager.MyListener - Element with locator-->By.cssSelector: span [href='/login'] was found
17:36:36  manager.MyListener - Start searching for element with locator-->By.xpath: //button[text()=' Register']
17:36:36  manager.MyListener - Element with locator-->By.xpath: //button[text()=' Register'] was found
17:36:36  tests.Registration - Test starts with details:-->Ola, Mar, olamm@gmail.com
17:36:36  manager.MyListener - Start searching for element with locator-->By.cssSelector: input[placeholder='Name*']
17:36:36  manager.MyListener - Element with locator-->By.cssSelector: input[placeholder='Name*'] was found
17:36:36  manager.MyListener - Start searching for element with locator-->By.cssSelector: input[placeholder='Surname*'
17:36:36  manager.MyListener - Element with locator-->By.cssSelector: input[placeholder='Surname*' was found
17:36:37  manager.MyListener - Start searching for element with locator-->By.cssSelector: input[placeholder='Email*'
17:36:37  manager.MyListener - Element with locator-->By.cssSelector: input[placeholder='Email*' was found
17:36:37  manager.MyListener - Start searching for element with locator-->By.cssSelector: input[placeholder='Password*'
17:36:37  manager.MyListener - Element with locator-->By.cssSelector: input[placeholder='Password*' was found
17:36:37  manager.MyListener - Start searching for element with locator-->By.cssSelector: input[placeholder='Confirm password*'
17:36:37  manager.MyListener - Element with locator-->By.cssSelector: input[placeholder='Confirm password*' was found
17:36:38  manager.MyListener - Start searching for element with locator-->By.cssSelector: input[placeholder='Phone number*'
17:36:38  manager.MyListener - Element with locator-->By.cssSelector: input[placeholder='Phone number*' was found
17:36:41  manager.MyListener - Start searching for element with locator-->By.cssSelector: label[for='c1'].label-for-checkbox
17:36:41  manager.MyListener - Element with locator-->By.cssSelector: label[for='c1'].label-for-checkbox was found
17:36:41  manager.MyListener - Start searching for element with locator-->By.cssSelector: label[for='c1'].label-for-checkbox
17:36:41  manager.MyListener - Element with locator-->By.cssSelector: label[for='c1'].label-for-checkbox was found
17:36:44  manager.MyListener - Start searching for element with locator-->By.xpath: //button[text()=' Register']
17:36:44  manager.MyListener - Element with locator-->By.xpath: //button[text()=' Register'] was found
17:36:44  manager.MyListener - Start searching for element with locator-->By.xpath: //button[text()=' Register']
17:36:44  manager.MyListener - Element with locator-->By.xpath: //button[text()=' Register'] was found
17:36:44  manager.MyListener - Start searching for element with locator-->By.xpath: //p[@class = 'fl-login f35 text-center']
17:36:45  manager.MyListener - Element with locator-->By.xpath: //p[@class = 'fl-login f35 text-center'] was found
17:36:45  manager.MyListener - Start searching for element with locator-->By.xpath: //*[text()=' Return to registration']
17:36:45  manager.MyListener - Element with locator-->By.xpath: //*[text()=' Return to registration'] was found
17:36:46  tests.Registration - Registration test with wrong data finished
17:36:46  tests.TestBase - End of the test-->registrationNegExistUser
17:36:46  tests.TestBase - start test-->registrationPositive
17:36:46  manager.MyListener - Start searching for element with locator-->By.cssSelector: span [href='/login']
17:36:46  manager.MyListener - Element with locator-->By.cssSelector: span [href='/login'] was found
17:36:46  manager.MyListener - Start searching for element with locator-->By.xpath: //button[text()=' Register']
17:36:46  manager.MyListener - Element with locator-->By.xpath: //button[text()=' Register'] was found
17:36:46  tests.Registration - Test starts with details:-->Ola, Mar, olamm2167@gmail.com
17:36:46  manager.MyListener - Start searching for element with locator-->By.cssSelector: input[placeholder='Name*']
17:36:47  manager.MyListener - Element with locator-->By.cssSelector: input[placeholder='Name*'] was found
17:36:47  manager.MyListener - Start searching for element with locator-->By.cssSelector: input[placeholder='Surname*'
17:36:47  manager.MyListener - Element with locator-->By.cssSelector: input[placeholder='Surname*' was found
17:36:48  manager.MyListener - Start searching for element with locator-->By.cssSelector: input[placeholder='Email*'
17:36:48  manager.MyListener - Element with locator-->By.cssSelector: input[placeholder='Email*' was found
17:36:49  manager.MyListener - Start searching for element with locator-->By.cssSelector: input[placeholder='Password*'
17:36:49  manager.MyListener - Element with locator-->By.cssSelector: input[placeholder='Password*' was found
17:36:50  manager.MyListener - Start searching for element with locator-->By.cssSelector: input[placeholder='Confirm password*'
17:36:50  manager.MyListener - Element with locator-->By.cssSelector: input[placeholder='Confirm password*' was found
17:36:51  manager.MyListener - Start searching for element with locator-->By.cssSelector: input[placeholder='Phone number*'
17:36:51  manager.MyListener - Element with locator-->By.cssSelector: input[placeholder='Phone number*' was found
17:36:55  manager.MyListener - Start searching for element with locator-->By.cssSelector: label[for='c1'].label-for-checkbox
17:36:55  manager.MyListener - Element with locator-->By.cssSelector: label[for='c1'].label-for-checkbox was found
17:36:55  manager.MyListener - Start searching for element with locator-->By.cssSelector: label[for='c1'].label-for-checkbox
17:36:55  manager.MyListener - Element with locator-->By.cssSelector: label[for='c1'].label-for-checkbox was found
17:36:58  manager.MyListener - Start searching for element with locator-->By.xpath: //button[text()=' Register']
17:36:58  manager.MyListener - Element with locator-->By.xpath: //button[text()=' Register'] was found
17:36:58  manager.MyListener - Start searching for element with locator-->By.xpath: //button[text()=' Register']
17:36:58  manager.MyListener - Element with locator-->By.xpath: //button[text()=' Register'] was found
17:36:59  manager.MyListener - Start searching for element with locator-->By.xpath: //p[@class = 'fl-login f35 text-center']
17:36:59  manager.MyListener - Element with locator-->By.xpath: //p[@class = 'fl-login f35 text-center'] was found
17:36:59  tests.Registration - Registration test passed Success
17:36:59  manager.MyListener - Start searching for element with locator-->By.xpath: //*[text()=' Return']
17:36:59  manager.MyListener - Element with locator-->By.xpath: //*[text()=' Return'] was found
17:37:00  tests.TestBase - End of the test-->registrationPositive
17:37:00  tests.TestBase - start test-->registrationWrongEmailFormat
17:37:00  manager.MyListener - Start searching for element with locator-->By.cssSelector: span [href='/login']
17:37:00  manager.MyListener - Element with locator-->By.cssSelector: span [href='/login'] was found
17:37:00  manager.MyListener - Start searching for element with locator-->By.xpath: //button[text()=' Register']
17:37:00  manager.MyListener - Element with locator-->By.xpath: //button[text()=' Register'] was found
17:37:00  tests.Registration - Test starts with details:-->Ola, Mar, olamm2167gmail.com
17:37:00  manager.MyListener - Start searching for element with locator-->By.cssSelector: input[placeholder='Name*']
17:37:04  manager.MyListener - Something went wrong-->https://ticket-service-69443.firebaseapp.com/registration
17:37:04  manager.MyListener - no such element: Unable to locate element: {"method":"css selector","selector":"input[placeholder='Name*']"}
  (Session info: chrome=106.0.5249.119)
For documentation on this error, please visit: https://www.seleniumhq.org/exceptions/no_such_element.html
Build info: version: '3.141.59', revision: 'e82be7d358', time: '2018-11-14T08:17:03'
System info: host: 'DESKTOP-KF54E9L', ip: '192.168.42.119', os.name: 'Windows 10', os.arch: 'amd64', os.version: '10.0', java.version: '1.8.0_321'
Driver info: org.openqa.selenium.chrome.ChromeDriver
Capabilities {acceptInsecureCerts: false, browserName: chrome, browserVersion: 106.0.5249.119, chrome: {chromedriverVersion: 105.0.5195.52 (412c95e51883..., userDataDir: C:\Users\Olga\AppData\Local...}, goog:chromeOptions: {debuggerAddress: localhost:55436}, javascriptEnabled: true, networkConnectionEnabled: false, pageLoadStrategy: normal, platform: WINDOWS, platformName: WINDOWS, proxy: Proxy(), setWindowRect: true, strictFileInteractability: false, timeouts: {implicit: 0, pageLoad: 300000, script: 30000}, unhandledPromptBehavior: dismiss and notify, webauthn:extension:credBlob: true, webauthn:extension:largeBlob: true, webauthn:virtualAuthenticators: true}
Session ID: 6865402d09b33d0ffe407d38e9804365
*** Element info: {Using=css selector, value=input[placeholder='Name*']}
17:37:04  manager.MyListener - org.openqa.selenium.NoSuchElementException: no such element: Unable to locate element: {"method":"css selector","selector":"input[placeholder='Name*']"}
  (Session info: chrome=106.0.5249.119)
For documentation on this error, please visit: https://www.seleniumhq.org/exceptions/no_such_element.html
Build info: version: '3.141.59', revision: 'e82be7d358', time: '2018-11-14T08:17:03'
System info: host: 'DESKTOP-KF54E9L', ip: '192.168.42.119', os.name: 'Windows 10', os.arch: 'amd64', os.version: '10.0', java.version: '1.8.0_321'
Driver info: org.openqa.selenium.chrome.ChromeDriver
Capabilities {acceptInsecureCerts: false, browserName: chrome, browserVersion: 106.0.5249.119, chrome: {chromedriverVersion: 105.0.5195.52 (412c95e51883..., userDataDir: C:\Users\Olga\AppData\Local...}, goog:chromeOptions: {debuggerAddress: localhost:55436}, javascriptEnabled: true, networkConnectionEnabled: false, pageLoadStrategy: normal, platform: WINDOWS, platformName: WINDOWS, proxy: Proxy(), setWindowRect: true, strictFileInteractability: false, timeouts: {implicit: 0, pageLoad: 300000, script: 30000}, unhandledPromptBehavior: dismiss and notify, webauthn:extension:credBlob: true, webauthn:extension:largeBlob: true, webauthn:virtualAuthenticators: true}
Session ID: 6865402d09b33d0ffe407d38e9804365
*** Element info: {Using=css selector, value=input[placeholder='Name*']}
17:37:04  tests.TestBase - End of the test-->registrationWrongEmailFormat
