12:59:06  manager.MyListener - Start searching for element with locator-->By.cssSelector: span [href='/login']
12:59:06  manager.MyListener - Element with locator-->By.cssSelector: span [href='/login'] was found
12:59:07  tests.TestBase - start test-->loginWrongPassword
12:59:07  manager.MyListener - Start searching for element with locator-->By.cssSelector: div input[aria-label='Email']
12:59:07  manager.MyListener - Element with locator-->By.cssSelector: div input[aria-label='Email'] was found
12:59:07  manager.MyListener - Start searching for element with locator-->By.cssSelector: div [aria-label='Password']
12:59:07  manager.MyListener - Element with locator-->By.cssSelector: div [aria-label='Password'] was found
12:59:08  manager.MyListener - Start searching for element with locator-->By.xpath: //*[text()=' Login']
12:59:08  manager.MyListener - Element with locator-->By.xpath: //*[text()=' Login'] was found
12:59:08  manager.MyListener - Start searching for element with locator-->By.xpath: //p[@class='fl-login f35 text-center']
12:59:08  manager.MyListener - Element with locator-->By.xpath: //p[@class='fl-login f35 text-center'] was found
12:59:08  manager.MyListener - Start searching for element with locator-->By.xpath: //p[@class='fl-login f35 text-center']
12:59:08  manager.MyListener - Element with locator-->By.xpath: //p[@class='fl-login f35 text-center'] was found
12:59:08  manager.MyListener - Start searching for element with locator-->By.xpath: //span[@class='red-text f18']
12:59:09  manager.MyListener - Element with locator-->By.xpath: //span[@class='red-text f18'] was found
12:59:09  manager.HelperBase - Login failed because of: ERROR! Incorrect email or password
12:59:09  manager.MyListener - Start searching for element with locator-->By.cssSelector: span [href='/login']
12:59:09  manager.MyListener - Element with locator-->By.cssSelector: span [href='/login'] was found
12:59:09  manager.MyListener - Start searching for element with locator-->By.cssSelector: div[class='form-btn mb-4 px-5']
12:59:09  manager.MyListener - Element with locator-->By.cssSelector: div[class='form-btn mb-4 px-5'] was found
12:59:09  manager.MyListener - Start searching for element with locator-->By.cssSelector: div input[aria-label='Email']
12:59:09  manager.MyListener - Element with locator-->By.cssSelector: div input[aria-label='Email'] was found
12:59:09  tests.TestBase - End of the test-->loginWrongPassword
