17:33:05  manager.MyListener - Start searching for element with locator-->By.cssSelector: span [href='/login']
17:33:05  manager.MyListener - Element with locator-->By.cssSelector: span [href='/login'] was found
17:33:05  manager.MyListener - Start searching for element with locator-->By.cssSelector: div input[aria-label='Email']
17:33:05  manager.MyListener - Element with locator-->By.cssSelector: div input[aria-label='Email'] was found
17:33:05  manager.MyListener - Start searching for element with locator-->By.cssSelector: div [aria-label='Password']
17:33:05  manager.MyListener - Element with locator-->By.cssSelector: div [aria-label='Password'] was found
17:33:06  manager.MyListener - Start searching for element with locator-->By.xpath: //*[text()=' Login']
17:33:06  manager.MyListener - Element with locator-->By.xpath: //*[text()=' Login'] was found
17:33:06  manager.MyListener - Start searching for element with locator-->By.xpath: //*[text()=' Return to main']
17:33:07  manager.MyListener - Element with locator-->By.xpath: //*[text()=' Return to main'] was found
17:33:07  tests.TestBase - start test-->chooseEventPos
17:33:07  manager.MyListener - Start searching for element with locator-->By.xpath: //*[text()='Coldplay Tour 2019']
17:33:08  manager.MyListener - Element with locator-->By.xpath: //*[text()='Coldplay Tour 2019'] was found
17:33:08  manager.MyListener - Start searching for element with locator-->By.xpath: //*[text()='BUY TICKETS']
17:33:09  manager.MyListener - Element with locator-->By.xpath: //*[text()='BUY TICKETS'] was found
17:33:09  manager.MyListener - Start searching for element with locator-->By.cssSelector: div[class='hall1 col-12 w-100-wv'] p:nth-child(9) span:nth-child(12)
17:33:09  manager.MyListener - Element with locator-->By.cssSelector: div[class='hall1 col-12 w-100-wv'] p:nth-child(9) span:nth-child(12) was found
17:33:10  manager.MyListener - Start searching for element with locator-->By.xpath: //*[text()=' TO THE CART']
17:33:10  manager.MyListener - Element with locator-->By.xpath: //*[text()=' TO THE CART'] was found
17:33:10  manager.MyListener - Start searching for element with locator-->By.cssSelector: label[class='label-for-checkbox pos-cart-agreement']
17:33:10  manager.MyListener - Element with locator-->By.cssSelector: label[class='label-for-checkbox pos-cart-agreement'] was found
17:33:11  manager.MyListener - Start searching for element with locator-->By.xpath: //*[text()=' PAY']
17:33:11  manager.MyListener - Element with locator-->By.xpath: //*[text()=' PAY'] was found
17:33:11  manager.MyListener - Start searching for element with locator-->By.cssSelector: i[class='fa fa-cc-paypal ml-2']
17:33:11  manager.MyListener - Element with locator-->By.cssSelector: i[class='fa fa-cc-paypal ml-2'] was found
17:33:11  manager.MyListener - Start searching for element with locator-->By.xpath: //*[text()=' PAY']
17:33:11  manager.MyListener - Element with locator-->By.xpath: //*[text()=' PAY'] was found
17:33:11  manager.MyListener - Start searching for element with locator-->By.xpath: //*[text()='SUCCESS']
17:33:11  manager.MyListener - Element with locator-->By.xpath: //*[text()='SUCCESS'] was found
17:33:11  tests.TestBase - End of the test-->chooseEventPos
