19:32:27  tests.TestBase - start test-->selectEventsDates
19:32:27  manager.MyListener - Start searching for element with locator-->By.xpath: //a[.='EVENTS']
19:32:28  manager.MyListener - Element with locator-->By.xpath: //a[.='EVENTS'] was found
19:32:28  manager.MyListener - Start searching for element with locator-->By.cssSelector: span[aria-label='Next Month']
19:32:28  manager.MyListener - Element with locator-->By.cssSelector: span[aria-label='Next Month'] was found
19:32:28  manager.MyListener - Start searching for element with locator-->By.cssSelector: span[aria-label='Next Month']
19:32:28  manager.MyListener - Element with locator-->By.cssSelector: span[aria-label='Next Month'] was found
19:32:28  manager.MyListener - Start searching for element with locator-->By.cssSelector: span[aria-label='Next Month']
19:32:28  manager.MyListener - Element with locator-->By.cssSelector: span[aria-label='Next Month'] was found
19:32:28  manager.MyListener - Start searching for element with locator-->By.cssSelector: span[aria-label='Next Month']
19:32:28  manager.MyListener - Element with locator-->By.cssSelector: span[aria-label='Next Month'] was found
19:32:28  manager.MyListener - Start searching for element with locator-->By.cssSelector: span[aria-label='Next Month']
19:32:28  manager.MyListener - Element with locator-->By.cssSelector: span[aria-label='Next Month'] was found
19:32:28  manager.MyListener - Start searching for element with locator-->By.cssSelector: span[aria-label='Next Month']
19:32:28  manager.MyListener - Element with locator-->By.cssSelector: span[aria-label='Next Month'] was found
19:32:28  manager.MyListener - Start searching for element with locator-->By.cssSelector: span[aria-label='Next Month']
19:32:28  manager.MyListener - Element with locator-->By.cssSelector: span[aria-label='Next Month'] was found
19:32:28  manager.MyListener - Start searching for element with locator-->By.xpath: //div[.='13']
19:32:28  manager.MyListener - Element with locator-->By.xpath: //div[.='13'] was found
19:32:28  manager.MyListener - Start searching for element with locator-->By.cssSelector: div[class='f35 note']
19:32:29  manager.MyListener - Element with locator-->By.cssSelector: div[class='f35 note'] was found
19:32:29  manager.MyListener - Start searching for element with locator-->By.cssSelector: div[class='f35 note']
19:32:29  manager.MyListener - Element with locator-->By.cssSelector: div[class='f35 note'] was found
19:32:29  manager.MyListener - Start searching for element with locator-->By.cssSelector: div[class='f35 note']
19:32:29  manager.MyListener - Element with locator-->By.cssSelector: div[class='f35 note'] was found
19:32:29  manager.MyListener - Start searching for element with locator-->By.cssSelector: div[class='f35 note']
19:32:29  manager.MyListener - Element with locator-->By.cssSelector: div[class='f35 note'] was found
19:32:29  tests.TestBase - End of the test-->selectEventsDates
