10:40:24  tests.TestBase - start test-->registrationNegExistUser
10:40:24  manager.MyListener - Start searching for element with locator-->By.cssSelector: span [href='/login']
10:40:24  manager.MyListener - Element with locator-->By.cssSelector: span [href='/login'] was found
10:40:24  manager.MyListener - Start searching for element with locator-->By.xpath: //button[text()=' Register']
10:40:24  manager.MyListener - Element with locator-->By.xpath: //button[text()=' Register'] was found
10:40:24  tests.Registration - Test starts with details:-->Ola, Mar, olamm@gmail.com
10:40:24  manager.MyListener - Start searching for element with locator-->By.cssSelector: input[placeholder='Name*']
10:40:24  manager.MyListener - Element with locator-->By.cssSelector: input[placeholder='Name*'] was found
10:40:25  manager.MyListener - Start searching for element with locator-->By.cssSelector: input[placeholder='Surname*'
10:40:25  manager.MyListener - Element with locator-->By.cssSelector: input[placeholder='Surname*' was found
10:40:25  manager.MyListener - Start searching for element with locator-->By.cssSelector: input[placeholder='Email*'
10:40:25  manager.MyListener - Element with locator-->By.cssSelector: input[placeholder='Email*' was found
10:40:25  manager.MyListener - Start searching for element with locator-->By.cssSelector: input[placeholder='Password*'
10:40:25  manager.MyListener - Element with locator-->By.cssSelector: input[placeholder='Password*' was found
10:40:26  manager.MyListener - Start searching for element with locator-->By.cssSelector: input[placeholder='Confirm password*'
10:40:26  manager.MyListener - Element with locator-->By.cssSelector: input[placeholder='Confirm password*' was found
10:40:26  manager.MyListener - Start searching for element with locator-->By.cssSelector: input[placeholder='Phone number*'
10:40:26  manager.MyListener - Element with locator-->By.cssSelector: input[placeholder='Phone number*' was found
10:40:27  manager.MyListener - Start searching for element with locator-->By.cssSelector: label[for='c1'].label-for-checkbox
10:40:27  manager.MyListener - Element with locator-->By.cssSelector: label[for='c1'].label-for-checkbox was found
10:40:27  manager.MyListener - Start searching for element with locator-->By.cssSelector: label[for='c1'].label-for-checkbox
10:40:27  manager.MyListener - Element with locator-->By.cssSelector: label[for='c1'].label-for-checkbox was found
10:40:28  manager.MyListener - Start searching for element with locator-->By.xpath: //button[text()=' Register']
10:40:28  manager.MyListener - Element with locator-->By.xpath: //button[text()=' Register'] was found
10:40:29  manager.MyListener - Start searching for element with locator-->By.xpath: //p[@class = 'fl-login f35 text-center']
10:40:29  manager.MyListener - Element with locator-->By.xpath: //p[@class = 'fl-login f35 text-center'] was found
10:40:29  manager.MyListener - Start searching for element with locator-->By.xpath: //*[text()=' Return to registration']
10:40:29  manager.MyListener - Element with locator-->By.xpath: //*[text()=' Return to registration'] was found
10:40:29  tests.Registration - Registration test with wrong data failed
10:40:29  tests.TestBase - End of the test-->registrationNegExistUser
10:40:29  tests.TestBase - start test-->registrationPositive
10:40:29  manager.MyListener - Start searching for element with locator-->By.cssSelector: span [href='/login']
10:40:29  manager.MyListener - Element with locator-->By.cssSelector: span [href='/login'] was found
10:40:29  manager.MyListener - Start searching for element with locator-->By.xpath: //button[text()=' Register']
10:40:30  manager.MyListener - Element with locator-->By.xpath: //button[text()=' Register'] was found
10:40:30  tests.Registration - Test starts with details:-->Ola, Mar, olamm2414@gmail.com
10:40:30  manager.MyListener - Start searching for element with locator-->By.cssSelector: input[placeholder='Name*']
10:40:30  manager.MyListener - Element with locator-->By.cssSelector: input[placeholder='Name*'] was found
10:40:30  manager.MyListener - Start searching for element with locator-->By.cssSelector: input[placeholder='Surname*'
10:40:30  manager.MyListener - Element with locator-->By.cssSelector: input[placeholder='Surname*' was found
10:40:30  manager.MyListener - Start searching for element with locator-->By.cssSelector: input[placeholder='Email*'
10:40:31  manager.MyListener - Element with locator-->By.cssSelector: input[placeholder='Email*' was found
10:40:31  manager.MyListener - Start searching for element with locator-->By.cssSelector: input[placeholder='Password*'
10:40:31  manager.MyListener - Element with locator-->By.cssSelector: input[placeholder='Password*' was found
10:40:31  manager.MyListener - Start searching for element with locator-->By.cssSelector: input[placeholder='Confirm password*'
10:40:31  manager.MyListener - Element with locator-->By.cssSelector: input[placeholder='Confirm password*' was found
10:40:32  manager.MyListener - Start searching for element with locator-->By.cssSelector: input[placeholder='Phone number*'
10:40:32  manager.MyListener - Element with locator-->By.cssSelector: input[placeholder='Phone number*' was found
10:40:32  manager.MyListener - Start searching for element with locator-->By.cssSelector: label[for='c1'].label-for-checkbox
10:40:32  manager.MyListener - Element with locator-->By.cssSelector: label[for='c1'].label-for-checkbox was found
10:40:32  manager.MyListener - Start searching for element with locator-->By.cssSelector: label[for='c1'].label-for-checkbox
10:40:32  manager.MyListener - Element with locator-->By.cssSelector: label[for='c1'].label-for-checkbox was found
10:40:33  manager.MyListener - Start searching for element with locator-->By.xpath: //button[text()=' Register']
10:40:33  manager.MyListener - Element with locator-->By.xpath: //button[text()=' Register'] was found
10:40:34  manager.MyListener - Start searching for element with locator-->By.xpath: //p[@class = 'fl-login f35 text-center']
10:40:34  manager.MyListener - Element with locator-->By.xpath: //p[@class = 'fl-login f35 text-center'] was found
10:40:34  tests.Registration - Registration test passed Success
10:40:34  manager.MyListener - Start searching for element with locator-->By.xpath: //*[text()=' Return']
10:40:34  manager.MyListener - Element with locator-->By.xpath: //*[text()=' Return'] was found
10:40:35  tests.TestBase - End of the test-->registrationPositive
