12:17:32  tests.TestBase - start test-->registrationWrongEmailFormat
12:17:32  manager.MyListener - Start searching for element with locator-->By.cssSelector: span [href='/login']
12:17:32  manager.MyListener - Element with locator-->By.cssSelector: span [href='/login'] was found
12:17:32  manager.MyListener - Start searching for element with locator-->By.xpath: //button[text()=' Register']
12:17:32  manager.MyListener - Element with locator-->By.xpath: //button[text()=' Register'] was found
12:17:32  tests.Registration - Test starts with details:-->Ola, Mar, olamm1036gmail.com
12:17:32  manager.MyListener - Start searching for element with locator-->By.cssSelector: input[placeholder='Name*']
12:17:32  manager.MyListener - Element with locator-->By.cssSelector: input[placeholder='Name*'] was found
12:17:33  manager.MyListener - Start searching for element with locator-->By.cssSelector: input[placeholder='Surname*'
12:17:33  manager.MyListener - Element with locator-->By.cssSelector: input[placeholder='Surname*' was found
12:17:34  manager.MyListener - Start searching for element with locator-->By.cssSelector: input[placeholder='Email*'
12:17:34  manager.MyListener - Element with locator-->By.cssSelector: input[placeholder='Email*' was found
12:17:34  manager.MyListener - Start searching for element with locator-->By.cssSelector: input[placeholder='Password*'
12:17:34  manager.MyListener - Element with locator-->By.cssSelector: input[placeholder='Password*' was found
12:17:35  manager.MyListener - Start searching for element with locator-->By.cssSelector: input[placeholder='Confirm password*'
12:17:35  manager.MyListener - Element with locator-->By.cssSelector: input[placeholder='Confirm password*' was found
12:17:35  manager.MyListener - Start searching for element with locator-->By.cssSelector: input[placeholder='Phone number*'
12:17:36  manager.MyListener - Element with locator-->By.cssSelector: input[placeholder='Phone number*' was found
12:17:36  manager.MyListener - Start searching for element with locator-->By.cssSelector: label[for='c1'].label-for-checkbox
12:17:36  manager.MyListener - Element with locator-->By.cssSelector: label[for='c1'].label-for-checkbox was found
12:17:36  manager.MyListener - Start searching for element with locator-->By.cssSelector: label[for='c1'].label-for-checkbox
12:17:36  manager.MyListener - Element with locator-->By.cssSelector: label[for='c1'].label-for-checkbox was found
12:17:36  manager.MyListener - Start searching for element with locator-->By.xpath: //button[text()=' Register']
12:17:36  manager.MyListener - Element with locator-->By.xpath: //button[text()=' Register'] was found
12:17:37  manager.MyListener - Start searching for element with locator-->By.xpath: //button[text()=' Register']
12:17:37  manager.MyListener - Element with locator-->By.xpath: //button[text()=' Register'] was found
12:17:40  manager.MyListener - Start searching for element with locator-->By.xpath: //button[text()=' Register']
12:17:40  manager.MyListener - Element with locator-->By.xpath: //button[text()=' Register'] was found
12:17:40  tests.Registration - Registration test with wrong data finished
12:17:40  tests.TestBase - End of the test-->registrationWrongEmailFormat
