19:47:29  tests.TestBase - start test-->selectEventsDates
19:47:29  manager.MyListener - Start searching for element with locator-->By.xpath: //a[.='EVENTS']
19:47:30  manager.MyListener - Element with locator-->By.xpath: //a[.='EVENTS'] was found
19:47:30  manager.MyListener - Start searching for element with locator-->By.cssSelector: span[aria-label='Next Month']
19:47:30  manager.MyListener - Element with locator-->By.cssSelector: span[aria-label='Next Month'] was found
19:47:30  manager.MyListener - Start searching for element with locator-->By.cssSelector: span[aria-label='Next Month']
19:47:30  manager.MyListener - Element with locator-->By.cssSelector: span[aria-label='Next Month'] was found
19:47:30  manager.MyListener - Start searching for element with locator-->By.cssSelector: span[aria-label='Next Month']
19:47:30  manager.MyListener - Element with locator-->By.cssSelector: span[aria-label='Next Month'] was found
19:47:30  manager.MyListener - Start searching for element with locator-->By.cssSelector: span[aria-label='Next Month']
19:47:30  manager.MyListener - Element with locator-->By.cssSelector: span[aria-label='Next Month'] was found
19:47:30  manager.MyListener - Start searching for element with locator-->By.cssSelector: span[aria-label='Next Month']
19:47:30  manager.MyListener - Element with locator-->By.cssSelector: span[aria-label='Next Month'] was found
19:47:30  manager.MyListener - Start searching for element with locator-->By.cssSelector: span[aria-label='Next Month']
19:47:30  manager.MyListener - Element with locator-->By.cssSelector: span[aria-label='Next Month'] was found
19:47:30  manager.MyListener - Start searching for element with locator-->By.xpath: //div[.='10']
19:47:30  manager.MyListener - Element with locator-->By.xpath: //div[.='10'] was found
19:47:30  manager.MyListener - Start searching for element with locator-->By.cssSelector: div[class='f35 note']
19:47:30  manager.MyListener - Element with locator-->By.cssSelector: div[class='f35 note'] was found
19:47:30  manager.MyListener - Start searching for element with locator-->By.cssSelector: div[class='f35 note']
19:47:30  manager.MyListener - Element with locator-->By.cssSelector: div[class='f35 note'] was found
19:47:30  tests.TestBase - End of the test-->selectEventsDates
