09:04:20  manager.MyListener - Start searching for element with locator-->By.cssSelector: span [href='/login']
09:04:20  manager.MyListener - Element with locator-->By.cssSelector: span [href='/login'] was found
09:04:21  tests.TestBase - start test-->loginSuccess
09:04:21  manager.MyListener - Start searching for element with locator-->By.cssSelector: div input[aria-label='Email']
09:04:21  manager.MyListener - Element with locator-->By.cssSelector: div input[aria-label='Email'] was found
09:04:21  manager.MyListener - Start searching for element with locator-->By.cssSelector: div [aria-label='Password']
09:04:21  manager.MyListener - Element with locator-->By.cssSelector: div [aria-label='Password'] was found
09:04:22  manager.MyListener - Start searching for element with locator-->By.xpath: //*[text()=' Login'])
09:04:22  manager.MyListener - Something went wrong-->https://ticket-service-69443.firebaseapp.com/login
09:04:22  manager.MyListener - invalid selector: Unable to locate an element with the xpath expression //*[text()=' Login']) because of the following error:
SyntaxError: Failed to execute 'evaluate' on 'Document': The string '//*[text()=' Login'])' is not a valid XPath expression.
  (Session info: chrome=103.0.5060.134)
For documentation on this error, please visit: https://www.seleniumhq.org/exceptions/invalid_selector_exception.html
Build info: version: '3.141.59', revision: 'e82be7d358', time: '2018-11-14T08:17:03'
System info: host: 'DESKTOP-KF54E9L', ip: '192.168.42.118', os.name: 'Windows 10', os.arch: 'amd64', os.version: '10.0', java.version: '1.8.0_321'
Driver info: org.openqa.selenium.chrome.ChromeDriver
Capabilities {acceptInsecureCerts: false, browserName: chrome, browserVersion: 103.0.5060.134, chrome: {chromedriverVersion: 103.0.5060.134 (8ec6fce403b..., userDataDir: C:\Users\Olga\AppData\Local...}, goog:chromeOptions: {debuggerAddress: localhost:58052}, javascriptEnabled: true, networkConnectionEnabled: false, pageLoadStrategy: normal, platform: WINDOWS, platformName: WINDOWS, proxy: Proxy(), setWindowRect: true, strictFileInteractability: false, timeouts: {implicit: 0, pageLoad: 300000, script: 30000}, unhandledPromptBehavior: dismiss and notify, webauthn:extension:credBlob: true, webauthn:extension:largeBlob: true, webauthn:virtualAuthenticators: true}
Session ID: 21ecc3d5d556062d04e8649716b7dfde
*** Element info: {Using=xpath, value=//*[text()=' Login'])}
09:04:22  manager.MyListener - org.openqa.selenium.InvalidSelectorException: invalid selector: Unable to locate an element with the xpath expression //*[text()=' Login']) because of the following error:
SyntaxError: Failed to execute 'evaluate' on 'Document': The string '//*[text()=' Login'])' is not a valid XPath expression.
  (Session info: chrome=103.0.5060.134)
For documentation on this error, please visit: https://www.seleniumhq.org/exceptions/invalid_selector_exception.html
Build info: version: '3.141.59', revision: 'e82be7d358', time: '2018-11-14T08:17:03'
System info: host: 'DESKTOP-KF54E9L', ip: '192.168.42.118', os.name: 'Windows 10', os.arch: 'amd64', os.version: '10.0', java.version: '1.8.0_321'
Driver info: org.openqa.selenium.chrome.ChromeDriver
Capabilities {acceptInsecureCerts: false, browserName: chrome, browserVersion: 103.0.5060.134, chrome: {chromedriverVersion: 103.0.5060.134 (8ec6fce403b..., userDataDir: C:\Users\Olga\AppData\Local...}, goog:chromeOptions: {debuggerAddress: localhost:58052}, javascriptEnabled: true, networkConnectionEnabled: false, pageLoadStrategy: normal, platform: WINDOWS, platformName: WINDOWS, proxy: Proxy(), setWindowRect: true, strictFileInteractability: false, timeouts: {implicit: 0, pageLoad: 300000, script: 30000}, unhandledPromptBehavior: dismiss and notify, webauthn:extension:credBlob: true, webauthn:extension:largeBlob: true, webauthn:virtualAuthenticators: true}
Session ID: 21ecc3d5d556062d04e8649716b7dfde
*** Element info: {Using=xpath, value=//*[text()=' Login'])}
09:04:22  tests.TestBase - End of the test-->loginSuccess
