13:16:35  manager.MyListener - Start searching for element with locator-->By.cssSelector: span [href='/login']
13:16:35  manager.MyListener - Element with locator-->By.cssSelector: span [href='/login'] was found
13:16:35  tests.TestBase - start test-->loginSuccess
13:16:35  manager.MyListener - Start searching for element with locator-->By.cssSelector: div input[aria-label='Email']
13:16:35  manager.MyListener - Element with locator-->By.cssSelector: div input[aria-label='Email'] was found
13:16:35  manager.MyListener - Start searching for element with locator-->By.cssSelector: div [aria-label='Password']
13:16:35  manager.MyListener - Element with locator-->By.cssSelector: div [aria-label='Password'] was found
13:16:36  manager.MyListener - Start searching for element with locator-->By.xpath: //*[text()=' Login']
13:16:36  manager.MyListener - Element with locator-->By.xpath: //*[text()=' Login'] was found
13:16:36  manager.MyListener - Start searching for element with locator-->By.xpath: //p[@class = 'fl-login f35 text-center']
13:16:37  manager.MyListener - Element with locator-->By.xpath: //p[@class = 'fl-login f35 text-center'] was found
13:16:37  manager.MyListener - Start searching for element with locator-->By.xpath: //*[text()=' Return to main']
13:16:37  manager.MyListener - Element with locator-->By.xpath: //*[text()=' Return to main'] was found
13:16:37  manager.MyListener - Start searching for element with locator-->By.cssSelector: span [href='/login']
13:16:37  manager.MyListener - Element with locator-->By.cssSelector: span [href='/login'] was found
13:16:37  manager.MyListener - Start searching for element with locator-->By.cssSelector: div[class='form-btn mb-4 px-5']
13:16:37  manager.MyListener - Element with locator-->By.cssSelector: div[class='form-btn mb-4 px-5'] was found
13:16:37  manager.MyListener - Start searching for element with locator-->By.cssSelector: div input[aria-label='Email']
13:16:37  manager.MyListener - Element with locator-->By.cssSelector: div input[aria-label='Email'] was found
13:16:37  tests.TestBase - End of the test-->loginSuccess
13:16:37  tests.TestBase - start test-->loginWrongDataPass
13:16:37  manager.MyListener - Start searching for element with locator-->By.cssSelector: div input[aria-label='Email']
13:16:37  manager.MyListener - Element with locator-->By.cssSelector: div input[aria-label='Email'] was found
13:16:38  manager.MyListener - Start searching for element with locator-->By.cssSelector: div [aria-label='Password']
13:16:38  manager.MyListener - Element with locator-->By.cssSelector: div [aria-label='Password'] was found
13:16:38  manager.MyListener - Start searching for element with locator-->By.xpath: //*[text()=' Login']
13:16:38  manager.MyListener - Element with locator-->By.xpath: //*[text()=' Login'] was found
13:16:38  manager.MyListener - Start searching for element with locator-->By.cssSelector: div [aria-label='Password']
13:16:38  manager.MyListener - Element with locator-->By.cssSelector: div [aria-label='Password'] was found
13:16:38  manager.HelperBase - Test failed, reason is: Please match the requested format.
13:16:38  tests.TestBase - End of the test-->loginWrongDataPass
13:16:38  tests.TestBase - start test-->loginWrongEmail
13:16:38  manager.MyListener - Start searching for element with locator-->By.cssSelector: div input[aria-label='Email']
13:16:39  manager.MyListener - Element with locator-->By.cssSelector: div input[aria-label='Email'] was found
13:16:39  manager.MyListener - Start searching for element with locator-->By.cssSelector: div [aria-label='Password']
13:16:39  manager.MyListener - Element with locator-->By.cssSelector: div [aria-label='Password'] was found
13:16:40  manager.MyListener - Start searching for element with locator-->By.xpath: //*[text()=' Login']
13:16:40  manager.MyListener - Element with locator-->By.xpath: //*[text()=' Login'] was found
13:16:40  manager.MyListener - Start searching for element with locator-->By.xpath: //p[@class='fl-login f35 text-center']
13:16:43  manager.MyListener - Something went wrong-->https://ticket-service-69443.firebaseapp.com/login
13:16:43  manager.MyListener - no such element: Unable to locate element: {"method":"xpath","selector":"//p[@class='fl-login f35 text-center']"}
  (Session info: chrome=106.0.5249.119)
For documentation on this error, please visit: https://www.seleniumhq.org/exceptions/no_such_element.html
Build info: version: '3.141.59', revision: 'e82be7d358', time: '2018-11-14T08:17:03'
System info: host: 'DESKTOP-KF54E9L', ip: '192.168.42.119', os.name: 'Windows 10', os.arch: 'amd64', os.version: '10.0', java.version: '1.8.0_321'
Driver info: org.openqa.selenium.chrome.ChromeDriver
Capabilities {acceptInsecureCerts: false, browserName: chrome, browserVersion: 106.0.5249.119, chrome: {chromedriverVersion: 105.0.5195.52 (412c95e51883..., userDataDir: C:\Users\Olga\AppData\Local...}, goog:chromeOptions: {debuggerAddress: localhost:57543}, javascriptEnabled: true, networkConnectionEnabled: false, pageLoadStrategy: normal, platform: WINDOWS, platformName: WINDOWS, proxy: Proxy(), setWindowRect: true, strictFileInteractability: false, timeouts: {implicit: 0, pageLoad: 300000, script: 30000}, unhandledPromptBehavior: dismiss and notify, webauthn:extension:credBlob: true, webauthn:extension:largeBlob: true, webauthn:virtualAuthenticators: true}
Session ID: b28e78040969c68c7b12c9cf3b5e6672
*** Element info: {Using=xpath, value=//p[@class='fl-login f35 text-center']}
13:16:43  manager.MyListener - org.openqa.selenium.NoSuchElementException: no such element: Unable to locate element: {"method":"xpath","selector":"//p[@class='fl-login f35 text-center']"}
  (Session info: chrome=106.0.5249.119)
For documentation on this error, please visit: https://www.seleniumhq.org/exceptions/no_such_element.html
Build info: version: '3.141.59', revision: 'e82be7d358', time: '2018-11-14T08:17:03'
System info: host: 'DESKTOP-KF54E9L', ip: '192.168.42.119', os.name: 'Windows 10', os.arch: 'amd64', os.version: '10.0', java.version: '1.8.0_321'
Driver info: org.openqa.selenium.chrome.ChromeDriver
Capabilities {acceptInsecureCerts: false, browserName: chrome, browserVersion: 106.0.5249.119, chrome: {chromedriverVersion: 105.0.5195.52 (412c95e51883..., userDataDir: C:\Users\Olga\AppData\Local...}, goog:chromeOptions: {debuggerAddress: localhost:57543}, javascriptEnabled: true, networkConnectionEnabled: false, pageLoadStrategy: normal, platform: WINDOWS, platformName: WINDOWS, proxy: Proxy(), setWindowRect: true, strictFileInteractability: false, timeouts: {implicit: 0, pageLoad: 300000, script: 30000}, unhandledPromptBehavior: dismiss and notify, webauthn:extension:credBlob: true, webauthn:extension:largeBlob: true, webauthn:virtualAuthenticators: true}
Session ID: b28e78040969c68c7b12c9cf3b5e6672
*** Element info: {Using=xpath, value=//p[@class='fl-login f35 text-center']}
13:16:43  tests.TestBase - End of the test-->loginWrongEmail
13:16:43  tests.TestBase - start test-->loginWrongFormat
13:16:43  manager.MyListener - Start searching for element with locator-->By.cssSelector: div input[aria-label='Email']
13:16:44  manager.MyListener - Element with locator-->By.cssSelector: div input[aria-label='Email'] was found
13:16:44  manager.MyListener - Start searching for element with locator-->By.cssSelector: div [aria-label='Password']
13:16:44  manager.MyListener - Element with locator-->By.cssSelector: div [aria-label='Password'] was found
13:16:44  manager.MyListener - Start searching for element with locator-->By.xpath: //*[text()=' Login']
13:16:44  manager.MyListener - Element with locator-->By.xpath: //*[text()=' Login'] was found
13:16:44  manager.MyListener - Start searching for element with locator-->By.cssSelector: div input[aria-label='Email']
13:16:44  manager.MyListener - Element with locator-->By.cssSelector: div input[aria-label='Email'] was found
13:16:44  tests.TestBase - End of the test-->loginWrongFormat
13:16:44  tests.TestBase - start test-->loginWrongPassword
13:16:44  manager.MyListener - Start searching for element with locator-->By.cssSelector: div input[aria-label='Email']
13:16:45  manager.MyListener - Element with locator-->By.cssSelector: div input[aria-label='Email'] was found
13:16:45  manager.MyListener - Start searching for element with locator-->By.cssSelector: div [aria-label='Password']
13:16:45  manager.MyListener - Element with locator-->By.cssSelector: div [aria-label='Password'] was found
13:16:45  manager.MyListener - Start searching for element with locator-->By.xpath: //*[text()=' Login']
13:16:46  manager.MyListener - Element with locator-->By.xpath: //*[text()=' Login'] was found
13:16:46  manager.MyListener - Start searching for element with locator-->By.xpath: //p[@class='fl-login f35 text-center']
13:16:49  manager.MyListener - Something went wrong-->https://ticket-service-69443.firebaseapp.com/login
13:16:49  manager.MyListener - no such element: Unable to locate element: {"method":"xpath","selector":"//p[@class='fl-login f35 text-center']"}
  (Session info: chrome=106.0.5249.119)
For documentation on this error, please visit: https://www.seleniumhq.org/exceptions/no_such_element.html
Build info: version: '3.141.59', revision: 'e82be7d358', time: '2018-11-14T08:17:03'
System info: host: 'DESKTOP-KF54E9L', ip: '192.168.42.119', os.name: 'Windows 10', os.arch: 'amd64', os.version: '10.0', java.version: '1.8.0_321'
Driver info: org.openqa.selenium.chrome.ChromeDriver
Capabilities {acceptInsecureCerts: false, browserName: chrome, browserVersion: 106.0.5249.119, chrome: {chromedriverVersion: 105.0.5195.52 (412c95e51883..., userDataDir: C:\Users\Olga\AppData\Local...}, goog:chromeOptions: {debuggerAddress: localhost:57543}, javascriptEnabled: true, networkConnectionEnabled: false, pageLoadStrategy: normal, platform: WINDOWS, platformName: WINDOWS, proxy: Proxy(), setWindowRect: true, strictFileInteractability: false, timeouts: {implicit: 0, pageLoad: 300000, script: 30000}, unhandledPromptBehavior: dismiss and notify, webauthn:extension:credBlob: true, webauthn:extension:largeBlob: true, webauthn:virtualAuthenticators: true}
Session ID: b28e78040969c68c7b12c9cf3b5e6672
*** Element info: {Using=xpath, value=//p[@class='fl-login f35 text-center']}
13:16:49  manager.MyListener - org.openqa.selenium.NoSuchElementException: no such element: Unable to locate element: {"method":"xpath","selector":"//p[@class='fl-login f35 text-center']"}
  (Session info: chrome=106.0.5249.119)
For documentation on this error, please visit: https://www.seleniumhq.org/exceptions/no_such_element.html
Build info: version: '3.141.59', revision: 'e82be7d358', time: '2018-11-14T08:17:03'
System info: host: 'DESKTOP-KF54E9L', ip: '192.168.42.119', os.name: 'Windows 10', os.arch: 'amd64', os.version: '10.0', java.version: '1.8.0_321'
Driver info: org.openqa.selenium.chrome.ChromeDriver
Capabilities {acceptInsecureCerts: false, browserName: chrome, browserVersion: 106.0.5249.119, chrome: {chromedriverVersion: 105.0.5195.52 (412c95e51883..., userDataDir: C:\Users\Olga\AppData\Local...}, goog:chromeOptions: {debuggerAddress: localhost:57543}, javascriptEnabled: true, networkConnectionEnabled: false, pageLoadStrategy: normal, platform: WINDOWS, platformName: WINDOWS, proxy: Proxy(), setWindowRect: true, strictFileInteractability: false, timeouts: {implicit: 0, pageLoad: 300000, script: 30000}, unhandledPromptBehavior: dismiss and notify, webauthn:extension:credBlob: true, webauthn:extension:largeBlob: true, webauthn:virtualAuthenticators: true}
Session ID: b28e78040969c68c7b12c9cf3b5e6672
*** Element info: {Using=xpath, value=//p[@class='fl-login f35 text-center']}
13:16:49  tests.TestBase - End of the test-->loginWrongPassword
